<html class="" dir="ltr" lang="en-GB"><head>
<meta charset="utf-8"/>
<meta content="5d73a5ee370b489e8df171f847a98215-5bf103aafa711896-0" name="sentry-trace"/>
<link as="font" crossorigin="anonymous" href="https://du11hjcvx0uqb.cloudfront.net/dist/fonts/lato/extended/Lato-Regular-bd03a2cc27.woff2" rel="preload" type="font/woff2"/>
<link as="font" crossorigin="anonymous" href="https://du11hjcvx0uqb.cloudfront.net/dist/fonts/lato/extended/Lato-Bold-cccb897485.woff2" rel="preload" type="font/woff2"/>
<link as="font" crossorigin="anonymous" href="https://du11hjcvx0uqb.cloudfront.net/dist/fonts/lato/extended/Lato-Italic-4eb103b4d1.woff2" rel="preload" type="font/woff2"/>
<link href="https://du11hjcvx0uqb.cloudfront.net/dist/brandable_css/no_variables/bundles/fonts-6ee09b0b2f.css" media="screen" rel="stylesheet"/>
<script async="" src="https://cdn.heapanalytics.com/js/heap-3001039959.js" type="text/javascript"></script><script>if (navigator.userAgent.match(/(MSIE|Trident\/)/)) location.replace('/ie-is-not-supported.html')</script>
<link href="https://du11hjcvx0uqb.cloudfront.net/dist/images/favicon-e10d657a73.ico" rel="icon" type="image/x-icon"/>
<link href="https://du11hjcvx0uqb.cloudfront.net/dist/images/apple-touch-icon-585e5d997d.png" rel="apple-touch-icon"/>
<link href="https://du11hjcvx0uqb.cloudfront.net/dist/brandable_css/7274d6cffe069cd5683e72ef4a43cc82/variables-7dd4b80918af0e0218ec0229e4bd5873.css" media="all" rel="stylesheet"/>
<link href="https://du11hjcvx0uqb.cloudfront.net/dist/brandable_css/new_styles_normal_contrast/bundles/common-04107f0c72.css" media="all" rel="stylesheet"/>
<meta content="app-id=480883488" name="apple-itunes-app"/>
<link href="/web-app-manifest/manifest.json" rel="manifest"/>
<meta content="width=device-width, initial-scale=1" name="viewport"/>
<meta content="#252525" name="theme-color"/>
<meta content="noindex,nofollow" name="robots"/>
<link href="https://du11hjcvx0uqb.cloudfront.net/dist/brandable_css/new_styles_normal_contrast/bundles/wiki_page-31f06229db.css" media="all" rel="stylesheet"/>
<link href="https://du11hjcvx0uqb.cloudfront.net/dist/brandable_css/new_styles_normal_contrast/bundles/new_user_tutorials-2950c871dd.css" media="all" rel="stylesheet"/>
<link href="https://instructure-uploads.s3.amazonaws.com/account_10020000000097009/attachments/94832167/themeNoHistory.css" media="all" rel="stylesheet"/>
<script>
    function _earlyClick(e){
      var c = e.target
      while (c && c.ownerDocument) {
        if (c.getAttribute('href') == '#' || c.getAttribute('data-method')) {
          if (!e.defaultPrevented) {
            e.preventDefault()
          }
          (_earlyClick.clicks = _earlyClick.clicks || []).push(c)
          break
        }
        c = c.parentNode
      }
    }
    document.addEventListener('click', _earlyClick)
  </script>
<script>
    INST = {"environment":"production","allowMediaComments":true,"kalturaSettings":{"domain":"nv.instructuremedia.com","resource_domain":"nv.instructuremedia.com","rtmp_domain":"iad.rtmp.instructuremedia.com","partner_id":"9","subpartner_id":"0","player_ui_conf":"0","kcw_ui_conf":"0","upload_ui_conf":"0","max_file_size_bytes":534773760,"do_analytics":false,"hide_rte_button":true,"js_uploader":true},"logPageViews":true,"editorButtons":[{"name":"Commons Favourites","id":110946,"favorite":false,"url":"https://lor.instructure.com/api/lti/favorite-resources","icon_url":"https://lor.instructure.com/img/icon_commons.png","canvas_icon_class":null,"width":800,"height":400,"use_tray":true,"description":"\u003cp\u003eFind and share course content\u003c/p\u003e\n"},{"name":"LibApps Library Content","id":115898,"favorite":false,"url":"https://osulibrary.libapps.com/libapps/lti_launch_manual.php","icon_url":"https://libapps.s3.amazonaws.com/apps/libapps/images/favicon_lib.png","canvas_icon_class":null,"width":800,"height":600,"use_tray":false,"description":"\u003cp\u003eAdd content from LibGuides, E-Reserves, LibCal, and LibAnswers directly into your LMS course pages.\u003c/p\u003e\n"},{"name":"Alexander Street Video","id":197502,"favorite":false,"url":"https://video.alexanderstreet.com/lti/search-widget","icon_url":"https://video.alexanderstreet.com/assets/lti/favicon-16x16.png","canvas_icon_class":null,"width":800,"height":600,"use_tray":false,"description":"\u003cp\u003eSearch and embed Alexander Street video\u003c/p\u003e\n"},{"name":"Embed My Media","id":234128,"favorite":true,"url":"https://kaltura.oregonstate.edu","icon_url":"https://lmsadmin-dev.isadm.oregonstate.edu/static/filmstrip_RCE.png","canvas_icon_class":null,"width":800,"height":400,"use_tray":false,"description":"\u003cp\u003eKaltura 1.3\u003c/p\u003e\n"}]};
    ENV = {"ASSET_HOST":"https://du11hjcvx0uqb.cloudfront.net","active_brand_config_json_url":"https://du11hjcvx0uqb.cloudfront.net/dist/brandable_css/7274d6cffe069cd5683e72ef4a43cc82/variables-7dd4b80918af0e0218ec0229e4bd5873.json","active_brand_config":{"md5":"7274d6cffe069cd5683e72ef4a43cc82","variables":{"ic-brand-primary":"#252525","ic-link-color":"#dc4405","ic-brand-global-nav-bgd":"#252525","ic-brand-global-nav-logo-bgd":"#dc4405","ic-brand-header-image":"https://instructure-uploads.s3.amazonaws.com/account_10020000000097009/attachments/67755147/canvas-icon2.png","ic-brand-watermark-opacity":"1","ic-brand-right-sidebar-logo":"https://instructure-uploads.s3.amazonaws.com/account_10020000000097009/attachments/67755149/learnatosu_canvas.png"},"share":false,"name":null,"created_at":"2022-09-06T09:21:01-07:00","js_overrides":"https://instructure-uploads.s3.amazonaws.com/account_10020000000097009/attachments/94162621/syl_ally_PROD.js","css_overrides":"https://instructure-uploads.s3.amazonaws.com/account_10020000000097009/attachments/94832167/themeNoHistory.css","parent_md5":null,"mobile_js_overrides":"","mobile_css_overrides":""},"confetti_branding_enabled":false,"url_to_what_gets_loaded_inside_the_tinymce_editor_css":["https://du11hjcvx0uqb.cloudfront.net/dist/brandable_css/7274d6cffe069cd5683e72ef4a43cc82/variables-7dd4b80918af0e0218ec0229e4bd5873.css","https://du11hjcvx0uqb.cloudfront.net/dist/brandable_css/new_styles_normal_contrast/bundles/what_gets_loaded_inside_the_tinymce_editor-a64c7fe33c.css","https://du11hjcvx0uqb.cloudfront.net/dist/brandable_css/no_variables/bundles/fonts-6ee09b0b2f.css"],"url_for_high_contrast_tinymce_editor_css":["https://du11hjcvx0uqb.cloudfront.net/dist/brandable_css/default/variables-high_contrast-7dd4b80918af0e0218ec0229e4bd5873.css","https://du11hjcvx0uqb.cloudfront.net/dist/brandable_css/new_styles_high_contrast/bundles/what_gets_loaded_inside_the_tinymce_editor-fa0672d544.css","https://du11hjcvx0uqb.cloudfront.net/dist/brandable_css/no_variables/bundles/fonts-6ee09b0b2f.css"],"current_user_id":"6312491","current_user_global_id":"10020000006312491","current_user_heap_id":"uu-1-4b0221d254feaa91a6c62b2c1773148398967308ef04d222681abea310f83c71","current_user_roles":["user","student","teacher","observer"],"current_user_is_student":false,"current_user_types":[],"current_user_disabled_inbox":false,"current_user_visited_tabs":null,"discussions_reporting":false,"files_domain":"cluster26.canvas-user-content.com","group_information":null,"DOMAIN_ROOT_ACCOUNT_ID":"10020000000097009","k12":false,"help_link_name":"Help","help_link_icon":"help","use_high_contrast":false,"auto_show_cc":false,"disable_celebrations":false,"disable_keyboard_shortcuts":false,"LTI_LAUNCH_FRAME_ALLOWANCES":["geolocation *","microphone *","camera *","midi *","encrypted-media *","autoplay *","clipboard-write *","display-capture *"],"DEEP_LINKING_POST_MESSAGE_ORIGIN":"https://canvas.oregonstate.edu","DEEP_LINKING_LOGGING":null,"comment_library_suggestions_enabled":false,"SETTINGS":{"open_registration":false,"collapse_global_nav":true,"release_notes_badge_disabled":false},"FULL_STORY_ENABLED":false,"RAILS_ENVIRONMENT":"Production","IN_PACED_COURSE":false,"SENTRY_FRONTEND":{"dsn":"https://355a1d96717e4038ac25aa852fa79a8f@relay-iad.sentry.insops.net/388","org_slug":"instructure","base_url":"https://sentry.insops.net","normalized_route":"/courses/{course_id}/pages/{id}","errors_sample_rate":"0.0005","traces_sample_rate":"0.0005","url_deny_pattern":"instructure-uploads.*amazonaws.com","revision":"canvas-lms@20230719.140"},"DATA_COLLECTION_ENDPOINT":"https://canvas-frontend-data-iad-prod.inscloudgate.net/submit","DIRECT_SHARE_ENABLED":false,"CAN_VIEW_CONTENT_SHARES":true,"FEATURES":{"featured_help_links":true,"lti_platform_storage":false,"calendar_series":false,"account_level_blackout_dates":false,"rce_ux_improvements":false,"render_both_to_do_lists":false,"course_paces_redesign":true,"course_paces_for_students":true,"module_publish_menu":true,"explicit_latex_typesetting":false,"dev_key_oidc_alert":true,"rce_new_external_tool_dialog_in_canvas":true,"media_links_use_attachment_id":false,"auto_subscribe_account_calendars":true,"account_calendars_planner_support":true,"permanent_page_links":false,"product_tours":false,"usage_rights_discussion_topics":true,"granular_permissions_manage_users":true,"create_course_subaccount_picker":true,"lti_deep_linking_module_index_menu_modal":true,"lti_multiple_assignment_deep_linking":true,"buttons_and_icons_root_account":true,"extended_submission_state":false,"scheduled_page_publication":true,"send_usage_metrics":true,"rce_transform_loaded_content":false,"lti_assignment_page_line_items":false,"mobile_offline_mode":false,"embedded_release_notes":false,"canvas_k6_theme":false,"new_math_equation_handling":true},"current_user":{"id":"6312491","anonymous_id":"3raqz","display_name":"Amreeta Chatterjee","avatar_image_url":"https://canvas.oregonstate.edu/images/thumbnails/95272478/7NvkPxcQj6Vx3IvccfwsjT627gAMgx2h5r9viuss","html_url":"https://canvas.oregonstate.edu/about/6312491","pronouns":null,"avatar_is_fallback":false},"page_view_update_url":"/page_views/41a39c06-538a-4c17-9633-4d4178714d1a?page_view_token=eyJ0eXAiOiJKV1QiLCJhbGciOiJIUzI1NiJ9.eyJpIjoiNDFhMzljMDYtNTM4YS00YzE3LTk2MzMtNGQ0MTc4NzE0ZDFhIiwidSI6MTAwMjAwMDAwMDYzMTI0OTEsImMiOiIyMDIzLTA4LTAxVDA1OjUxOjM4Ljg3WiJ9.efwE90AncVDZXisfuW-NA7Xa2MeAqN1OqGhxx7lvzQU","context_asset_string":"course_1921502","ping_url":"https://canvas.oregonstate.edu/api/v1/courses/1921502/ping","TIMEZONE":"America/Los_Angeles","CONTEXT_TIMEZONE":"America/Los_Angeles","LOCALES":["en-GB","en"],"BIGEASY_LOCALE":"en_GB","FULLCALENDAR_LOCALE":"en-gb","MOMENT_LOCALE":"en-gb","rce_auto_save_max_age_ms":86400000,"K5_USER":false,"USE_CLASSIC_FONT":false,"K5_HOMEROOM_COURSE":false,"K5_SUBJECT_COURSE":false,"LOCALE_TRANSLATION_FILE":"/dist/javascripts/translations/en-GB-11fb8d9139.json","WIKI_RIGHTS":{"read":true},"PAGE_RIGHTS":{"read":true},"DEFAULT_EDITING_ROLES":"teachers","WIKI_PAGES_PATH":"/courses/1921502/pages","WIKI_PAGE":{"title":"Reference sheet for some common Python error messages","created_at":"2022-09-27T10:35:06-07:00","url":"reference-sheet-for-some-common-python-error-messages","editing_roles":"teachers","page_id":"8246237","published":true,"hide_from_students":false,"front_page":false,"html_url":"https://canvas.oregonstate.edu/courses/1921502/pages/reference-sheet-for-some-common-python-error-messages","todo_date":null,"publish_at":null,"updated_at":"2022-09-27T10:35:06-07:00","locked_for_user":false,"body":"\u003ch2\u003e\u003cspan\u003eFile Contents\u003c/span\u003e\u003c/h2\u003e\n\u003chr\u003e\n\u003ch3\u003eGeneral Autograder Errors\u003c/h3\u003e\n\u003cul\u003e\n\u003cli\u003e\u003cspan\u003eTraceback - incorrect file name\u003c/span\u003e\u003c/li\u003e\n\u003cli\u003e\u003cspan\u003eTraceback - end of file error\u003c/span\u003e\u003c/li\u003e\n\u003cli\u003e\u003cspan\u003eAutograder failed to execute\u003c/span\u003e\u003c/li\u003e\n\u003c/ul\u003e\n\u003ch3\u003e\u003cspan\u003eOutput Formatting Errors\u003c/span\u003e\u003c/h3\u003e\n\u003cul\u003e\n\u003cli\u003e\u003cspan\u003eList index out of range / Output doesn’t match\u003c/span\u003e\u003c/li\u003e\n\u003cli\u003e\u003cspan\u003eRegex didn’t match: ‘\u0026lt;expected value\u0026gt;’ not found in ‘\u0026lt;found value\u0026gt;’\u003c/span\u003e\u003c/li\u003e\n\u003cli\u003e\u003cspan\u003e‘\u0026lt;your output\u0026gt;’ != ‘\u0026lt;expected output\u0026gt;’\u003c/span\u003e\u003c/li\u003e\n\u003c/ul\u003e\n\u003ch3\u003e\u003cspan\u003eIncorrect Value Errors\u003c/span\u003e\u003c/h3\u003e\n\u003cul\u003e\n\u003cli\u003e\u003cspan\u003eUnsupported operand type(s) for -: ‘\u0026lt;a type\u0026gt;’ and ‘\u0026lt;another type\u0026gt;’\u003c/span\u003e\u003c/li\u003e\n\u003cli\u003e\u003cspan\u003e\u0026lt;an integer\u0026gt; != \u0026lt;another integer\u0026gt;\u0026nbsp;\u003c/span\u003e\u003c/li\u003e\n\u003cli\u003e\u003cspan\u003e\u0026lt;a float\u0026gt; != \u0026lt;another float\u0026gt; within 7 places\u003c/span\u003e\u003c/li\u003e\n\u003cli\u003e\u003cspan\u003eLists differ: \u0026lt;a list\u0026gt; != \u0026lt;another list\u0026gt;\u003c/span\u003e\u003c/li\u003e\n\u003c/ul\u003e\n\u003ch3\u003e\u003cspan\u003eExecution Errors\u003c/span\u003e\u003c/h3\u003e\n\u003cul\u003e\n\u003cli\u003e\u003cspan\u003eName ‘\u0026lt;variable name\u0026gt;’ is not defined\u003c/span\u003e\u003c/li\u003e\n\u003cli\u003e\u003cspan\u003e‘\u0026lt;object name\u0026gt;’ has no attribute ‘\u0026lt;attribute name\u0026gt;’\u003c/span\u003e\u003c/li\u003e\n\u003c/ul\u003e\n\u003cp\u003e\u0026nbsp;\u003c/p\u003e\n\u003ch2\u003e\u003cspan\u003eGeneral Autograder Errors\u003c/span\u003e\u003c/h2\u003e\n\u003chr\u003e\n\u003ch3\u003e\u003cspan\u003eTraceback - incorrect file name\u003c/span\u003e\u003c/h3\u003e\n\u003cp style=\"background-color: #d3d3d3; border: 1px solid black;\"\u003e\u003cspan\u003eTest Failed: Failed to import test module: tests\u003cbr\u003eTraceback (most recent call last):\u003cbr\u003e\u0026nbsp;\u0026nbsp;File \"/usr/lib/python3.6/unittest/loader.py\", line 428, in _find_test_path\u003cbr\u003emodule = self._get_module_from_name(name)\u003cbr\u003e\u0026nbsp;\u0026nbsp;File \"/usr/lib/python3.6/unittest/loader.py\", line 369, in _get_module_from_name\u003cbr\u003e__import__(name)\u003cbr\u003e\u0026nbsp;\u0026nbsp;File \"/autograder/source/tests/tests.py\", line 3, in \u0026lt;module\u0026gt;\u003cbr\u003efrom example_file import example_function\u003cbr\u003eModuleNotFoundError: No module named ‘example_file’\u003c/span\u003e\u003c/p\u003e\n\u003cp\u003e\u003cspan\u003eIn this case, the student has submitted a file with the name ‘example_file..py’. Because the auto-grader system is programmed to expect files with very specific names (in this case, ‘example_file.py’, with only one dot), it raised this error message upon submission.\u0026nbsp;\u003c/span\u003e\u003c/p\u003e\n\u003cp\u003e\u003cspan\u003eThis error message might look like total gibberish at first, but it’s actually full of invaluable information for finding out what’s wrong with our code - we just have to know how to read it.\u003c/span\u003e\u003c/p\u003e\n\u003cp\u003e\u003cspan\u003eThe first line - \u003c/span\u003e\u003cstrong\u003e‘Test Failed: Failed to import test module: tests’\u003c/strong\u003e\u003cspan\u003e - tells us that the program is failing to import the ‘tests’ module, which is just like what happens in Python when you import an outside library (also known as a module) into a file, but there is an error retrieving that library. This can happen for a number of reasons, so we need to keep reading.\u003c/span\u003e\u003c/p\u003e\n\u003cp\u003e\u003cspan\u003eThe next part is what we call a \u003c/span\u003e\u003cstrong\u003etraceback\u003c/strong\u003e\u003cspan\u003e, which is what Python uses in an error message to direct the user to exactly where the error occurred. Everything indented is part of the traceback. Notice that it lists file paths like “/usr/lib/python3.6/unittest/loader.py” to indicate which file the error is coming from, and then even line numbers and python code from within that file to direct the user more precisely to where the error is coming from. Also note that in this situation, the error is occurring \u003c/span\u003e\u003ci\u003e\u003cspan\u003einside the auto-grader system\u003c/span\u003e\u003c/i\u003e\u003cspan\u003e, so these file names will look unfamiliar to the user, and are ultimately not very helpful in this situation. For this reason, we need to keep reading.\u003c/span\u003e\u003c/p\u003e\n\u003cp\u003e\u003cspan\u003eFinally, we see something useful in the last two lines of the error message:\u0026nbsp;\u003c/span\u003e\u003c/p\u003e\n\u003cul\u003e\n\u003cli\u003e\n\u003cstrong\u003e“from example_file import example_function”\u003c/strong\u003e\u003cspan\u003e - This, being the last line of the traceback, denotes exactly where in the auto-grader’s code the error occurred. It is trying to import the student’s submitted file, and in this case is looking for the example function, from the example_file.py file.\u003c/span\u003e\n\u003c/li\u003e\n\u003cli\u003e\u003cstrong\u003e“ModuleNotFoundError: No module named 'example_file'”\u003cspan\u003e - The final line of the error message tells us that the autograder cannot find what it’s looking for, indicating to the user that either the wrong file was submitted, the file was named improperly, or the file is missing.\u0026nbsp;\u003c/span\u003e\u003c/strong\u003e\u003c/li\u003e\n\u003c/ul\u003e\n\u003cp\u003e\u003cspan\u003eFor more information on Tracebacks, see \u003c/span\u003e\u003ca href=\"https://realpython.com/python-traceback/\"\u003e\u003cspan\u003ethis\u003c/span\u003e\u003c/a\u003e\u003cspan\u003e article.\u003c/span\u003e\u003c/p\u003e\n\u003cp\u003e\u0026nbsp;\u003c/p\u003e\n\u003ch3\u003e\u003cspan\u003eTraceback – incorrect function name\u003cbr\u003e\u003c/span\u003e\u003c/h3\u003e\n\u003cp style=\"background-color: #d3d3d3; border: 1px solid black;\"\u003e\u003cspan\u003eTest Failed: Failed to import test module: tests\u003cbr\u003eTraceback (most recent call last):\u003cbr\u003e\u0026nbsp;\u0026nbsp;File \"/usr/lib/python3.6/unittest/loader.py\", line 428, in _find_test_path\u003cbr\u003emodule = self._get_module_from_name(name)\u003cbr\u003e\u0026nbsp;\u0026nbsp;File \"/usr/lib/python3.6/unittest/loader.py\", line 369, in _get_module_from_name\u003cbr\u003e__import__(name)\u003cbr\u003e\u0026nbsp;\u0026nbsp;File \"/autograder/source/tests/tests.py\", line 3, in \u0026lt;module\u0026gt;\u003cbr\u003efrom example_file import example_function\u003cbr\u003eImportError: cannot import name ‘example_file’\u003c/span\u003e\u003c/p\u003e\n\u003cp\u003e\u003cspan\u003eThis is a similar error where the student has submitted a file with a function named ‘examplefile’. Because the auto-grader system is programmed to expect files with very specific names (in this case, ‘example_file’, with an underscore), it raised this error message upon submission.\u003c/span\u003e\u003c/p\u003e\n\u003cp\u003e\u003cspan\u003eIn the last two lines of the error message, we see:\u0026nbsp;\u003c/span\u003e\u003c/p\u003e\n\u003cul\u003e\n\u003cli\u003e\n\u003cstrong\u003e“from example_file import example_function”\u003c/strong\u003e\u003cspan\u003e - This, being the last line of the traceback, denotes exactly where in the auto-grader’s code the error occurred. It is trying to import the student’s submitted file, and in this case is looking for the example function, from the example_file.py file.\u003c/span\u003e\n\u003c/li\u003e\n\u003cli\u003e\u003cstrong\u003e“ImportError: cannot import name 'example_file'”\u003cspan\u003e - The final line of the error message tells us that the autograder cannot find what it’s looking for, indicating to the user that either the function was named wrong, or some necessary capitalization is either present or absent.\u0026nbsp;\u003c/span\u003e\u003c/strong\u003e\u003c/li\u003e\n\u003c/ul\u003e\n\u003cp\u003e\u0026nbsp;\u003c/p\u003e\n\u003ch3\u003e\u003cspan\u003eTraceback – end of file error\u003c/span\u003e\u003c/h3\u003e\n\u003cp style=\"background-color: #d3d3d3; border: 1px solid black;\"\u003e\u003cspan\u003eTest Failed: Failed to import test module: tests\u003cbr\u003eTraceback (most recent call last):\u003cbr\u003e\u0026nbsp;\u0026nbsp;File \"/usr/lib/python3.6/unittest/loader.py\", line 428, in _find_test_path\u003cbr\u003e= self._get_module_from_name(name)\u003cbr\u003e\u0026nbsp;\u0026nbsp;File \"/usr/lib/python3.6/unittest/loader.py\", line 369, in _get_module_from_name\u003cbr\u003e__import__(name)\u003cbr\u003e\u0026nbsp;\u0026nbsp;File \"/autograder/source/tests/tests.py\", line 3, in \u0026lt;module\u0026gt;\u003cbr\u003efrom example_file import example_function\u003cbr\u003e\u0026nbsp;\u0026nbsp;File \"/autograder/source/example_file.py\", line 12, in \u0026lt;module\u0026gt;\u003cbr\u003eval = input()\u003cbr\u003eEOFError: EOF when reading a line\u003c/span\u003e\u003c/p\u003e\n\u003cp\u003e\u003cspan\u003eThis is another example of where leaving some testing code in the file is causing issues.\u0026nbsp;\u003c/span\u003e\u003c/p\u003e\n\u003cp\u003e\u003cspan\u003eYou will notice this error provides a traceback, which is a break-down of where in the code the issue is stemming from. It tells us “most recent call last”, which means that probably the most valuable information is going to be from the last section of the traceback.\u003c/span\u003e\u003c/p\u003e\n\u003cp\u003e\u003cspan\u003eThe last part of the traceback says:\u003c/span\u003e\u003c/p\u003e\n\u003cp\u003e\u003cspan\u003eFile “/autograder/source/example_file.py”, line 12, in \u0026lt;module\u0026gt;\u003cbr\u003eval = input()\u003c/span\u003e\u003c/p\u003e\n\u003cp\u003e\u003cspan\u003eThis is telling us that the issue is occurring in the file named “example_file.py”, at line 12, and then it shows what is at that line in the file, “val = input()”.\u003c/span\u003e\u003c/p\u003e\n\u003cp\u003e\u003cspan\u003eIndeed, line 12 of this submission is “val = input()”, and it is the cause of the error. In this case, the submission has testing code that gets user input via input() and then uses that input to call a function for testing. When the autograder gets to that input line, it is expecting the file to be finished, but instead it is instructed to read input. This creates the EOF (end of file) error that is displayed.\u003c/span\u003e\u003c/p\u003e\n\u003cp\u003e\u003cspan\u003eTo resolve this error, the testing code should either be removed or commented out, and the file should be resubmitted.\u003c/span\u003e\u003c/p\u003e\n\u003cp\u003e\u0026nbsp;\u003c/p\u003e\n\u003ch3\u003e\u003cspan\u003eAutograder failed to execute\u003c/span\u003e\u003c/h3\u003e\n\u003cp\u003e\u003cspan\u003eMost common in assignments 4 - 10\u003c/span\u003e\u003c/p\u003e\n\u003cp style=\"background-color: #d3d3d3; border: 1px solid black;\"\u003e\u003cspan\u003eThe autograder failed to execute correctly. Please ensure that your submission is valid. Contact your course staff for help in debugging this issue. Make sure to include a link to this page so that they can help you most effectively.\u003c/span\u003e\u003c/p\u003e\n\u003cp\u003e\u003cspan\u003eThe most common reason this error occurs is because students leave testing code in their submitted files, especially function calls. Before you submit your files, always make sure to remove or comment out the code you used to test your functions.\u003c/span\u003e\u003c/p\u003e\n\u003cp\u003e\u003cspan\u003eFor example, starting in week 4, your submissions will be in the form of functions. The files for these submissions should include the function definitions(s) and code for the logic of the functions(s), but it should not include any testing code.\u003c/span\u003e\u003c/p\u003e\n\u003cp\u003e\u003cspan\u003eDuring development, you may (and should) be testing the functions by calling them in the file. This would look something like:\u003c/span\u003e\u003c/p\u003e\n\u003cp\u003e\u003cspan\u003e# function definition and logic\u003cbr\u003edef example_function(some_parameter):\u003cbr\u003e\u0026nbsp; \u0026nbsp; new_value = some_paramter * 2\u003cbr\u003e\u0026nbsp; \u0026nbsp; return new_value\u003cbr\u003e\u003cbr\u003e# testing code\u003cbr\u003eresult = example_function(4)\u003cbr\u003eprint(result)\u003c/span\u003e\u003c/p\u003e\n\u003cp\u003e\u003cspan\u003eLeaving the “testing code” section in the file will result in the autograder error above. To resolve this error, the testing code should be removed, and the file should be resubmitted. Alternatively, you can comment out the tested code and the autograder will ignore it, like this:\u003c/span\u003e\u003c/p\u003e\n\u003cp\u003e\u003cspan\u003e# testing code\u003cbr\u003e# result = example_function(4)\u003cbr\u003e# print(result)\u003c/span\u003e\u003c/p\u003e\n\u003cp\u003e\u0026nbsp;\u003c/p\u003e\n\u003ch2\u003e\u003cspan\u003eOutput Formatting Errors\u003c/span\u003e\u003c/h2\u003e\n\u003chr\u003e\n\u003cp\u003e\u003cspan\u003eThese errors present themselves in many ways. Sometimes it is a generic message like “list index out of range”, while other times the error will provide you more information about what is going wrong with the formatting. In the latter, it will show you what your file provided vs what the autograder was expecting. These types of error messages can be more helpful in directing you to where the issue is occurring.\u003c/span\u003e\u003c/p\u003e\n\u003cp\u003e\u003cspan\u003eIn many of the following examples, we will be using generic example values, but the concepts of how to interpret the errors can be applied to many situations and values.\u003c/span\u003e\u003c/p\u003e\n\u003ch3\u003e\u003cspan\u003eList index out of range / Output doesn’t match\u003c/span\u003e\u003c/h3\u003e\n\u003cp\u003e\u003cspan\u003eMost common in assignments 1 - 3\u003c/span\u003e\u003c/p\u003e\n\u003cp style=\"background-color: #d3d3d3; border: 1px solid black;\"\u003e\u003cspan\u003eTest Failed: list index out of range\u003c/span\u003e\u003c/p\u003e\n\u003cp style=\"background-color: #d3d3d3; border: 1px solid black;\"\u003e\u003cspan\u003eTest Failed: your output doesn’t quite match what I was expecting. Try checking your output against the expected string in the README file. Even spaces and newlines need to match, or I won’t get that it’s the same as the answer.\u003c/span\u003e\u003c/p\u003e\n\u003cp\u003e\u003cspan\u003eIf you get either of the above errors from Gradescope, it usually means that there is an issue with the formatting of your code’s output. This can be from extra spaces, missing spaces, extra newlines, missing newlines, spelling errors, etc. This can also occur from misnamed files.\u003c/span\u003e\u003c/p\u003e\n\u003cp\u003e\u003cspan\u003eWhy does it give you this error? Gradescope attempts to take the results of your program and look for an answer that matches what is in the README file. It does this by \"splitting\" the results so that it can compare the output string to strings that we provided for it. Even a very small difference like a space or a semicolon instead of a colon will trip the autograder up.\u003c/span\u003e\u003c/p\u003e\n\u003cp\u003e\u0026nbsp;\u003c/p\u003e\n\u003ch3\u003e\u003cspan\u003eRegex didn’t match: ‘expected value’ not found in ‘found value’\u003c/span\u003e\u003c/h3\u003e\n\u003cp style=\"background-color: #d3d3d3; border: 1px solid black;\"\u003e\u003cspan\u003eTest Failed: Regex didn’t match: ‘(13\\\\.2)’ not found in ‘ ‘\u003c/span\u003e\u003c/p\u003e\n\u003cp\u003e\u003cspan\u003eIn this case, the autograder is expecting the solution of the program to be printed on its own line at the end of the file, but the submitted file has the solution printing on the same line as some other output message. These details need to be \u003c/span\u003e\u003cstrong\u003eexactly\u003c/strong\u003e\u003cspan\u003e as is shown in the README of an assignment.\u003c/span\u003e\u003c/p\u003e\n\u003cp\u003e\u003cspan\u003eWhat this error is showing is that when the test looked for that final line it found ‘ ‘ (nothing) instead of finding the solution to the assignment problem, ‘(13\\\\.2)’. Now, (13\\\\.2) may not look like the answer you are expecting, but the extra slashes in there have to do with the autograder using something called regular expressions (regex) to search the output.\u003c/span\u003e\u003c/p\u003e\n\u003cp\u003e\u003cspan\u003eWhy does it give you this error? In these tests, Gradescope is using regular expressions to search for the correct answer. Regex is a sequence of characters that define a search pattern, and the autograder is using them to “find” the answer in the strings your program is outputting. In this case, the regex is broken up into sections based on newlines, and since the numeric part of the answer is supposed to be on its own line, it has its own regex test. However, since that line does not exist in the example solution, the regex test cannot “find” the answer, hence the error message.\u003c/span\u003e\u003c/p\u003e\n\u003cp\u003e\u0026nbsp;\u003c/p\u003e\n\u003ch3\u003e\u003cspan\u003e‘\u0026lt;your output\u0026gt;’ != ‘\u0026lt;expected output\u0026gt;’\u003c/span\u003e\u003c/h3\u003e\n\u003cp style=\"background-color: #d3d3d3; border: 1px solid black;\"\u003e\u003cspan\u003eTest Failed: ‘Num Dogs:\u0026nbsp; 2\\nNum Cats:\u0026nbsp; 3\\n’ != ‘Num Dogs: 2\\nNum Cats: 3\\n’\u003cbr\u003e- Num Dogs:\u0026nbsp; 2\u003cbr\u003e? \u003c/span\u003e \u003cspan\u003e-\u003cbr\u003e+ Num Dogs: 2\u003cbr\u003e- Num Cats:\u0026nbsp; 3\u003cbr\u003e?\u003c/span\u003e \u003cspan\u003e-\u003cbr\u003e+ Num Cats: 3\u003c/span\u003e\u003c/p\u003e\n\u003cp\u003e\u003cspan\u003eIn this case, the first line of the error is showing the output of the submitted file vs the expected output of the autograder test, and it is showing that they are not equal (!=). Those two strings do look very similar (i.e. same categories and same values), but if you look closely, the number of spaces between the colons and numbers are different.\u003c/span\u003e\u003c/p\u003e\n\u003cp\u003e\u003cspan\u003eThe rest of the error output is an attempt to show you what is specifically extra and/or missing. The first line, “- Num Dogs:\u0026nbsp; 2” is saying the answer \u003c/span\u003e\u003ci\u003e\u003cspan\u003eshould not\u003c/span\u003e\u003c/i\u003e\u003cspan\u003e include this line (think “minus” this part). Then the next two lines, “?\u003c/span\u003e \u003cspan\u003e \u0026nbsp; -“ and “+ Num Dogs: 2” are saying the answer \u003c/span\u003e\u003ci\u003e\u003cspan\u003eshould\u003c/span\u003e\u003c/i\u003e\u003cspan\u003e include “Num Dogs: 2” (think “plus” this part). Again, these strings do look almost identical, but upon close inspection you will see again that the number of spaces is off.\u003c/span\u003e\u003c/p\u003e\n\u003cp\u003e\u003cspan\u003eWhy does it give you this error? In the expected solution, there is a single space between the colon and the values, but in the submitted solution, there are two spaces between the colon and values. The most common reason this occurs is when students attempt to pass multiple arguments to the print() function (e.g. print(“Num Dogs: “, 2)). When using print() in this way, the output will automatically print a space between the items passed to print. Therefore, you should not include a space after the “Num Dogs:” to get the desired spacing.\u003c/span\u003e\u003c/p\u003e\n\u003cp\u003e\u0026nbsp;\u003c/p\u003e\n\u003ch2\u003e\u003cspan\u003eIncorrect Value Errors\u003c/span\u003e\u003c/h2\u003e\n\u003chr\u003e\n\u003cp\u003e\u003cspan\u003eThese are going to be test failures that indicate there is something going wrong with your calculations or how they are being presented to the autograder.\u003c/span\u003e\u003c/p\u003e\n\u003ch3\u003e\u003cspan\u003eUnsupported operand type(s) for -: ‘\u0026lt;a type\u0026gt;’ and ‘\u0026lt;another type\u0026gt;’\u003c/span\u003e\u003c/h3\u003e\n\u003cp style=\"background-color: #d3d3d3; border: 1px solid black;\"\u003e\u003cspan\u003eTest Failed: unsupported operand type(s) for -: ‘int’ and ‘NoneType’\u003c/span\u003e\u003c/p\u003e\n\u003cp\u003e\u003cspan\u003eThis failed test is saying that there is a TypeError in the testing. TypeErrors occur when an operation or function is applied to an object of an inappropriate type (e.g. if you try to add a string and an integer together).\u003c/span\u003e\u003c/p\u003e\n\u003cp\u003e\u003cspan\u003eIn this case, the submission is returning a print statement instead of an integer (i.e. return print(answer)).\u003c/span\u003e\u003c/p\u003e\n\u003cp\u003e\u003cspan\u003eBut, print() is a function call that does not return a value, so calling print() as a return results in returning nothing. In Python, this is represented with ‘None’ and is where the ‘NoneType’ in the error comes from.\u003c/span\u003e\u003c/p\u003e\n\u003cp\u003e\u003cspan\u003eHere, the autograder is expecting the function to return an integer value and it is testing that return against the correct integer to see if they are equal. Since the print() has returned None, the function returns None, and the test ends up comparing None to an integer. These two different types cannot be compared, so this results in the TypeError.\u003c/span\u003e\u003c/p\u003e\n\u003cp\u003e\u003cspan\u003eTo resolve this error, the function should only return the integer. It should not use print() at all.\u003c/span\u003e\u003c/p\u003e\n\u003cp\u003e\u0026nbsp;\u003c/p\u003e\n\u003ch3\u003e\u003cspan\u003e\u0026lt;an integer\u0026gt; != \u0026lt;another integer\u0026gt;\u003c/span\u003e\u003c/h3\u003e\n\u003cdiv style=\"background-color: #d3d3d3; border: 1px solid black;\"\u003e\n\u003cp style=\"border-bottom: 1px solid black;\"\u003e\u003cspan\u003ePass start (x, y, z); method_a 1; method_b 2\u003c/span\u003e\u003c/p\u003e\n\u003cp\u003e\u003cspan\u003eTest Failed: 3 != 5\u003c/span\u003e\u003c/p\u003e\n\u003c/div\u003e\n\u003cp\u003e\u003cspan\u003eThis failed test is saying that the autograder has retrieved a value from your submission (an integer) and it does not equal the expected correct value (another integer). In the example, it is expecting to find 5 for a value, but it is finding 3 instead.\u003c/span\u003e\u003c/p\u003e\n\u003cp\u003e\u003cspan\u003eThis indicates that there is an issue with the calculations being made somewhere in the submission. This error could be reflected in a return value of a method or function, or in a value being stored as a data member for a class.\u0026nbsp;\u003c/span\u003e\u003c/p\u003e\n\u003cp\u003e\u003cspan\u003eThese types of errors will also show what was being tested in the field above the error, beginning\u0026nbsp; with “Pass” (think, this is what is being passed to your submission for testing). This information can be very helpful in determining what is going wrong.\u003c/span\u003e\u003c/p\u003e\n\u003cp\u003e\u003cspan\u003eIn this case, the submission being tested is a class and the test is shown as “Pass start (x, y, z); method_a 1; method_b 2”. We can break this information down and use it to track down where the error may be occurring. The first part (“start (x, y, z)”) is telling us that the class is being initialized with the values x, y, and z. Then the next part (“method_a 1”) is telling us the class method, method_a, is being called and passed a value of 1. Finally, the last part (“method_b 2”) is telling us the class method, method_b, is being called and passed a value of 2.\u0026nbsp;\u003c/span\u003e\u003c/p\u003e\n\u003cp\u003e\u003cspan\u003eNow you know which parts of the submission were tested, and you can narrow down the areas to look for errors - the init method, method_a, and method_b. The error could be an issue with how the class is initialized, an error in calculations made in method_a or method_b, an error in how data is stored or returned in method_a or method_b, etc.\u0026nbsp;\u003c/span\u003e\u003c/p\u003e\n\u003cp\u003e\u003cspan\u003eAt this point, you can do the calculations yourself (with the values shown for this test) to see what the return values and/or data member values should be at each step and compare them to a run of your code with the same values. This should help you narrow down where the incorrect calculations have occurred.\u003c/span\u003e\u003c/p\u003e\n\u003cp\u003e\u0026nbsp;\u003c/p\u003e\n\u003ch3\u003e\u003cspan\u003e\u0026lt;a float\u0026gt; != \u0026lt;another float\u0026gt; within 7 places\u003c/span\u003e\u003c/h3\u003e\n\u003cdiv style=\"background-color: #d3d3d3; border: 1px solid black;\"\u003e\n\u003cp style=\"border-bottom: 1px solid black;\"\u003e\u003cspan\u003ePass [1, 2, 3, 4, 5]\u003c/span\u003e\u003c/p\u003e\n\u003cp\u003e\u003cspan\u003eTest Failed: 1.0 != 2.0 within 7 places\u003c/span\u003e\u003c/p\u003e\n\u003c/div\u003e\n\u003cp\u003e\u003cspan\u003eThis failed test is saying that the autograder has retrieved a value from your submission (a float) and it does not equal the expected correct value (another float). In the example, it is expecting to find 2.0 for a value, but it is finding 1.0 instead.\u003c/span\u003e\u003c/p\u003e\n\u003cp\u003e\u003cspan\u003eThis is very similar to the previous example, except now the error includes the phrase “within 7 places”. This is included here because this submission is dealing with floating point values, and the tests to compare those values consider answers with 7 decimals places to be correct. This has to do with the way computers handle the precision of floating-point values in memory, and the extra places are to account for minor rounding differences in different runs of the program.\u003c/span\u003e\u003c/p\u003e\n\u003cp\u003e\u003cspan\u003eAs with the previous example, the test case is provided to you so that you can use it to help figure out what is going wrong. The test is shown as “Pass [1, 2, 3, 4, 5]”. This means the submission is being tested with the values in this list in some fashion. Now you can use those values to step through your submission and try to narrow down where the calculations are going wrong.\u003c/span\u003e\u003c/p\u003e\n\u003cp\u003e\u0026nbsp;\u003c/p\u003e\n\u003ch3\u003e\u003cspan\u003eLists differ: \u0026lt;a list\u0026gt; != \u0026lt;another list\u0026gt;\u003c/span\u003e\u003c/h3\u003e\n\u003cdiv style=\"background-color: #d3d3d3; border: 1px solid black;\"\u003e\n\u003cp style=\"border-bottom: 1px solid black;\"\u003e\u003cspan\u003ePass [3, 4, 5, 6]\u0026nbsp;\u003c/span\u003e\u003c/p\u003e\n\u003cp\u003e\u003cspan\u003eTest Failed: Lists differ: [9, 16, 25, 36] != [6, 8, 10, 12]\u003cbr\u003eFirst differing element 0:\u003cbr\u003e9\u003cbr\u003e6\u003cbr\u003e- [9, 16, 25, 36]\u003cbr\u003e+ [6, 8, 10, 12]\u003c/span\u003e\u003c/p\u003e\n\u003c/div\u003e\n\u003cp\u003e\u003cspan\u003eThis failed test is saying that the autograder has retrieved a list from your submission and it does not equal the expected correct list. In the example, it is expecting to find [6, 8, 10, 12] for the result list, but it is finding [9, 16, 25, 36] instead.\u003c/span\u003e\u003c/p\u003e\n\u003cp\u003e\u003cspan\u003eThe first line of the error message shows the entire found list and the entire expected list. The next part, “First differing element 0:” shows the first instance in the list that was found to be incorrect. In this case, the first difference occurs at index 0, where the test is expecting 6, but it found 9 instead.\u0026nbsp;\u003c/span\u003e\u003c/p\u003e\n\u003cp\u003e\u003cspan\u003eThe final part of the message is showing you what it found that does not belong and what it did not find that should be there. “- [9, 16, 25, 36]” is the part it found that does not belong (think “minus” this part). “+ [6, 8, 10, 12]” is the part it did not find that should be there (think “plus” this part).\u003c/span\u003e\u003c/p\u003e\n\u003cp\u003e\u003cspan\u003eLike in the other examples from this section, the test case is shown to you as “Pass [3, 4, 5, 6]”. This tells you that the submission is being tested with the values in this list in some fashion. Now you can use those values to step through your submission and try to narrow down where the calculations are going wrong.\u003c/span\u003e\u003c/p\u003e\n\u003cp\u003e\u0026nbsp;\u003c/p\u003e\n\u003ch2\u003e\u003cspan\u003eExecution Errors\u003c/span\u003e\u003c/h2\u003e\n\u003chr\u003e\n\u003ch3\u003e\u003cspan\u003eName ‘\u0026lt;variable name\u0026gt;’ is not defined\u003c/span\u003e\u003c/h3\u003e\n\u003cp style=\"background-color: #d3d3d3; border: 1px solid black;\"\u003e\u003cspan\u003eTest Failed: name ‘val’ is not defined\u003c/span\u003e\u003c/p\u003e\n\u003cp\u003e\u003cspan\u003eThis failed test is saying that there is a variable being used in this submission (named ‘val’) that is not defined. That means there is no value assigned to ‘val’ before it is used for the first time. Since there is no value stored in ‘val’, the program does not know what to do with it and a NameError occurs.\u003c/span\u003e\u003c/p\u003e\n\u003cp\u003e\u003cspan\u003eTo resolve an issue like this, you should make sure your variables have a value assigned to them before they are used in a calculation.\u0026nbsp;\u003c/span\u003e\u003c/p\u003e\n\u003cp\u003e\u0026nbsp;\u003c/p\u003e\n\u003ch3\u003e\u003cspan\u003e‘\u0026lt;object name\u0026gt;’ object has no attribute ‘\u0026lt;attribute name\u0026gt;’\u003c/span\u003e\u003c/h3\u003e\n\u003cp style=\"background-color: #d3d3d3; border: 1px solid black;\"\u003e\u003cspan\u003eTest Failed: ‘Item’ object has no attribute ‘_price’\u003c/span\u003e\u003c/p\u003e\n\u003cp\u003e\u003cspan\u003eThis failed test is saying that the autograder attempted to look up a data member\u0026nbsp; ‘_price’ in a class object ‘Item’, but that field does not exist for the class Item objects. This is either because the class used a different spelling than what the autograder was expecting, or because the class does not have a price attribute at all.\u003c/span\u003e\u003c/p\u003e\n\u003cp\u003e\u003cspan\u003eTo resolve an issue like this, make sure the data members for your class match what is expected in the README. Sometimes your class data members will be required to have specific names.\u003c/span\u003e\u003c/p\u003e\n\u003cp\u003e\u0026nbsp;\u003c/p\u003e"},"WIKI_PAGE_REVISION":"1","WIKI_PAGE_SHOW_PATH":"/courses/1921502/pages/reference-sheet-for-some-common-python-error-messages","WIKI_PAGE_EDIT_PATH":"/courses/1921502/pages/reference-sheet-for-some-common-python-error-messages/edit","WIKI_PAGE_HISTORY_PATH":"/courses/1921502/pages/reference-sheet-for-some-common-python-error-messages/revisions","COURSE_ID":"1921502","MODULES_PATH":"/courses/1921502/modules","wiki_page_menu_tools":[],"wiki_index_menu_tools":[],"DISPLAY_SHOW_ALL_LINK":false,"CAN_SET_TODO_DATE":false,"badge_counts":{"submissions":0},"notices":[],"active_context_tab":"pages"};
    BRANDABLE_CSS_HANDLEBARS_INDEX = [["new_styles_normal_contrast","new_styles_high_contrast","new_styles_normal_contrast_rtl","new_styles_high_contrast_rtl"],{"10":["8300658022",0,"250b5824c2",2],"15":["fc26aa5fd4",0,"f904416063",2],"19":["df5777ed9c"],"61":["f3934dab06","f405852bb2","ee5810890b","3fd9943b9a"],"67":["8b57f54e71",0,"43833dde85",2],"71":["35b89b103a","4304be7d41","58dbfc2651","2932678b1c"],"06":["cb9f63cba6",0,"2be010fc14",2],"f0":["7c947dce20",0,0,0],"c8":["12d5e4d1e8","9f7b02d283","4ebd280f3e","b547456f4c"],"1e":["02e336724a","d7bb142b0a","d7ac7fdfb8","c03b9b261e"],"b3":["8ebc71ebc3","cf8efa05c8","4efdc93a21","fd6d3a9780"],"4f":["0a2c3dcf2f",0,"79668e6396",2],"0c":["c26e82abac",0,"b71e9cbd6d",2],"da":["efb9fe6d7c","edbd1b5e83","a6dc56afb7","dfb2d13098"],"1d":["a3bfcb7961",0,"90682b3bbe",2],"08":["64bff5a97d"],"e2":["11429f119a"],"9f":["35936a18c3",0,0,0],"2b":["abf63f48ef","bf8e135ffe","378e0c136b","9833e305e6"],"2c":["6d919206cd",0,0,0],"c2":["6f2721ae01"],"9c":["ecafc938e4",0,"59e7c22304",2],"c5":["ebf0e1382f","7f587d9a8a","afbdabf23d","0d398196a8"],"f2":["51574f9b13"]}]
;
  </script>
<link as="script" href="https://du11hjcvx0uqb.cloudfront.net/dist/brandable_css/7274d6cffe069cd5683e72ef4a43cc82/variables-7dd4b80918af0e0218ec0229e4bd5873.js" rel="preload" type="text/javascript"/><link as="script" href="https://du11hjcvx0uqb.cloudfront.net/dist/timezone/America/Los_Angeles-6699c54112.js" rel="preload" type="text/javascript"/><link as="script" href="https://du11hjcvx0uqb.cloudfront.net/dist/timezone/America/Los_Angeles-6699c54112.js" rel="preload" type="text/javascript"/><link as="script" href="https://du11hjcvx0uqb.cloudfront.net/dist/timezone/en_GB-31745e04c9.js" rel="preload" type="text/javascript"/><link as="script" href="https://du11hjcvx0uqb.cloudfront.net/dist/webpack-production/moment/locale/en-gb-c-4891a37bb1.js" rel="preload" type="text/javascript"/><link as="script" crossorigin="anonymous" href="https://du11hjcvx0uqb.cloudfront.net/dist/webpack-production/main-e-09eeb45fff.js" rel="preload" type="text/javascript"/><script>
//<![CDATA[

      ;["https://du11hjcvx0uqb.cloudfront.net/dist/brandable_css/7274d6cffe069cd5683e72ef4a43cc82/variables-7dd4b80918af0e0218ec0229e4bd5873.js", "https://du11hjcvx0uqb.cloudfront.net/dist/timezone/America/Los_Angeles-6699c54112.js", "https://du11hjcvx0uqb.cloudfront.net/dist/timezone/America/Los_Angeles-6699c54112.js", "https://du11hjcvx0uqb.cloudfront.net/dist/timezone/en_GB-31745e04c9.js", "https://du11hjcvx0uqb.cloudfront.net/dist/webpack-production/moment/locale/en-gb-c-4891a37bb1.js"].forEach(function(src) {
        var s = document.createElement('script'); s.src = src; s.async = false;
        document.head.appendChild(s)
      });
//]]>
</script><script src="https://du11hjcvx0uqb.cloudfront.net/dist/brandable_css/7274d6cffe069cd5683e72ef4a43cc82/variables-7dd4b80918af0e0218ec0229e4bd5873.js"></script><script src="https://du11hjcvx0uqb.cloudfront.net/dist/timezone/America/Los_Angeles-6699c54112.js"></script><script src="https://du11hjcvx0uqb.cloudfront.net/dist/timezone/America/Los_Angeles-6699c54112.js"></script><script src="https://du11hjcvx0uqb.cloudfront.net/dist/timezone/en_GB-31745e04c9.js"></script><script src="https://du11hjcvx0uqb.cloudfront.net/dist/webpack-production/moment/locale/en-gb-c-4891a37bb1.js"></script><script>
//<![CDATA[

      ;["https://du11hjcvx0uqb.cloudfront.net/dist/webpack-production/main-e-09eeb45fff.js"].forEach(function(src) {
        var s = document.createElement('script'); s.src = src; s.async = false; s.crossOrigin = 'anonymous';
        document.head.appendChild(s)
      });
//]]>
</script><script crossorigin="anonymous" src="https://du11hjcvx0uqb.cloudfront.net/dist/webpack-production/main-e-09eeb45fff.js"></script><link as="script" href="https://du11hjcvx0uqb.cloudfront.net/dist/webpack-production/wiki_page_show-c-19509854a9.js" rel="preload" type="text/javascript"/><link as="script" href="https://du11hjcvx0uqb.cloudfront.net/dist/webpack-production/navigation_header-c-405832e37b.js" rel="preload" type="text/javascript"/><script>
//<![CDATA[
(window.bundles || (window.bundles = [])).push('wiki_page_show');
(window.bundles || (window.bundles = [])).push('navigation_header');
//]]>
</script>
<title>Reference sheet for some common Python error messages: CS 161 review material</title>
<script type="text/javascript">
      window.heap=window.heap||[],heap.load=function(e,t){window.heap.appid=e,window.heap.config=t=t||{};var r=document.createElement("script");r.type="text/javascript",r.async=!0,r.src="https://cdn.heapanalytics.com/js/heap-"+e+".js";var a=document.getElementsByTagName("script")[0];a.parentNode.insertBefore(r,a);for(var n=function(e){return function(){heap.push([e].concat(Array.prototype.slice.call(arguments,0)))}},p=["addEventProperties","addUserProperties","clearEventProperties","identify","resetIdentity","removeEventProperty","setEventProperties","track","unsetEventProperty"],o=0;o<p.length;o++)heap[p[o]]=n(p[o])};
      heap.load("3001039959");
      if (ENV.current_user_roles) {
        const primary_role = ENV.current_user_roles[ENV.current_user_roles.length - 1];
        heap.addUserProperties({id: ENV.current_user_heap_id, role: primary_role});
      }
    </script>
<script src="https://instructure-uploads.s3.amazonaws.com/account_10020000000097009/attachments/94162621/syl_ally_PROD.js"></script><style type="text/css"></style><style type="text/css">   i.custom_menu_list_icon:before {       font-size: 27px;       width: 27px;       line-height: 27px;   }   i.custom_menu_list_icon {       width: 27px;       height: 27px;   }   body.primary-nav-expanded .menu-item__text.custom-menu-item__text {       white-space: normal;       padding: 0 2px;   }</style><style data-glamor="" type="text/css"></style><link href="https://prod.ally.ac//static/integration/custom/canvas.2bbf72f6a38ea490106756a27c97bc95.css" rel="stylesheet" type="text/css"/><style>.immersive-reader-button{cursor:pointer;display:inline-block;padding:5px;} .immersive-reader-button:hover{background:rgba(0,0,0,.05);border-radius:2px</style></head>
<body class="with-left-side course-menu-expanded padless-content pages primary-nav-transitions full-width context-course_1921502 responsive_student_grades_page show ally-tooltips-enabled">
<noscript>
<div class="ic-flash-static ic-flash-error" role="alert">
<div aria-hidden="true" class="ic-flash__icon">
<i class="icon-warning"></i>
</div>
<h1> To access this site, you must enable JavaScript.</h1>
</div>
</noscript>
<div id="flash_message_holder"></div>
<div aria-atomic="true" aria-live="assertive" aria-relevant="additions" class="screenreader-only" id="flash_screenreader_holder" role="alert"></div>
<div class="ic-app" id="application">
<header class="no-print" id="mobile-header">
<button class="Button Button--icon-action-rev Button--large mobile-header-hamburger" type="button">
<i class="icon-solid icon-hamburger"></i>
<span class="menu-item__badge" id="mobileHeaderInboxUnreadBadge" style="min-width: 0; top: 12px; height: 12px; right: 6px; display:none;"></span>
<span class="screenreader-only">Dashboard</span>
</button>
<div class="mobile-header-space"></div>
<a aria-controls="mobileContextNavContainer" class="mobile-header-title expandable" href="/courses/1921502" role="button">
<div>CS 161 review material (ORG_6743)</div>
<div>Reference sheet for some common Python error messages</div>
</a>
<div id="immersive_reader_mobile_mount_point"><div><button class="fOyUs_bGBk fOyUs_fKyb fOyUs_cuDs fOyUs_cBHs fOyUs_eWbJ fOyUs_fmDy fOyUs_eeJl fOyUs_cBtr fOyUs_fuTR fOyUs_cnfU fQfxa_bGBk" cursor="pointer" style="margin: 0px; padding: 0px; border-radius: 0.25rem; border-width: 0px; width: auto; cursor: pointer;" tabindex="0" type="button"><span class="fQfxa_caGd fQfxa_fKcQ fQfxa_buuG fQfxa_ImeN undefined fQfxa_dqAF"><span class="fOyUs_bGBk fOyUs_desw bDzpk_bGBk bDzpk_eRIA bDzpk_fZWR bDzpk_qOas" direction="row" style="width: 100%; height: 100%;" wrap="no-wrap"><span class="fOyUs_bGBk dJCgj_bGBk" style="padding: 0px 0.5rem 0px 0px;"><span class="fQfxa_eoCh"><svg aria-hidden="true" class="dUOHu_bGBk dUOHu_drOs dUOHu_eXrk cGqzL_bGBk" focusable="false" height="1em" role="presentation" rotate="0" style="width: 1em; height: 1em;" viewbox="0 0 40 37" width="1em"><g role="presentation">
<g fill="none" fill-rule="evenodd" stroke="none" stroke-width="1">
<g fill-rule="nonzero">
<path d="M37.4,0.9 L37.4,9.6 L35.4,9.6 L35.4,2.9 L24.4,2.9 C22.9,3.3 20,4.5 20,6 L20,17.2 L18,17.2 L18,6 C18,5 15.6,3.6 13.8,2.9 L2,2.9 L2,29 L12.4,29 L12.4,31 L0,31 L0,0.9 L14.1,0.9 L14.3,1 C15,1.2 17.5,2.2 18.9,3.7 C20.5,1.9 23.5,1.1 23.9,1 L24.1,1 L37.4,1 L37.4,0.9 Z" fill="#000000"></path>
<path d="M27.4,37 L25.8,37 L18.4,29.4 L14,29.4 L14,21 L18.4,20.9 L26.1,13 L27.4,13 L27.4,37 Z M16,27.4 L19.2,27.4 L25.3,33.7 L25.3,16.6 L19.2,22.9 L15.9,22.9 L15.9,27.4 L16,27.4 Z" fill="#0197F2"></path>
<path d="M31.3,32.7 L29.6,31.7 C29.6,31.7 31.7,28.3 31.7,25.2 C31.7,21.9 29.6,18.5 29.6,18.4 L31.3,17.4 C31.4,17.6 33.7,21.3 33.7,25.2 C33.7,28.8 31.4,32.6 31.3,32.7 Z" fill="#0197F2"></path>
<path d="M36.4,36.2 L34.8,35 C34.8,35 38,30.8 38,25.2 C38,19.6 34.8,15.4 34.8,15.4 L36.4,14.2 C36.5,14.4 40,19 40,25.3 C40,31.5 36.5,36 36.4,36.2 Z" fill="#0197F2"></path>
</g>
</g>
</g></svg></span></span><span class="fOyUs_bGBk dJCgj_bGBk dJCgj_dfFp"><span class="fQfxa_biBD">Immersive Reader</span></span></span></span></button></div></div>
<div class="mobile-header-space"></div>
<button aria-label="Navigation menu" class="Button Button--icon-action-rev Button--large mobile-header-arrow" type="button">
<i class="icon-arrow-open-down" id="mobileHeaderArrowIcon"></i>
</button>
</header>
<nav id="mobileContextNavContainer"></nav>
<header class="ic-app-header no-print" id="header">
<a href="#content" id="skip_navigation_link">Skip to content</a>
<div aria-label="Global navigation" class="ic-app-header__main-navigation" role="region">
<div class="ic-app-header__logomark-container">
<a class="ic-app-header__logomark" href="https://canvas.oregonstate.edu/">
<span class="screenreader-only">Dashboard</span>
</a>
</div>
<ul class="ic-app-header__menu-list" id="menu">
<li class="menu-item ic-app-header__menu-list-item">
<a class="ic-app-header__menu-list-link" href="/profile/settings" id="global_nav_profile_link" role="button">
<div class="menu-item-icon-container">
<div aria-hidden="true" class="fs-exclude ic-avatar">
<img alt="Amreeta Chatterjee" src="https://canvas.oregonstate.edu/images/thumbnails/95272478/7NvkPxcQj6Vx3IvccfwsjT627gAMgx2h5r9viuss"/>
</div>
<span class="menu-item__badge"></span>
</div>
<div class="menu-item__text">
              Account
            </div>
</a>
</li>
<li class="ic-app-header__menu-list-item">
<a class="ic-app-header__menu-list-link" href="https://canvas.oregonstate.edu/" id="global_nav_dashboard_link">
<div aria-hidden="true" class="menu-item-icon-container">
<svg class="ic-icon-svg ic-icon-svg--dashboard" enable-background="new 0 0 280 200" version="1.1" viewbox="0 0 280 200" x="0" xml:space="preserve" xmlns="http://www.w3.org/2000/svg" y="0"><path d="M273.09,180.75H197.47V164.47h62.62A122.16,122.16,0,1,0,17.85,142a124,124,0,0,0,2,22.51H90.18v16.29H6.89l-1.5-6.22A138.51,138.51,0,0,1,1.57,142C1.57,65.64,63.67,3.53,140,3.53S278.43,65.64,278.43,142a137.67,137.67,0,0,1-3.84,32.57ZM66.49,87.63,50.24,71.38,61.75,59.86,78,76.12Zm147,0L202,76.12l16.25-16.25,11.51,11.51ZM131.85,53.82v-23h16.29v23Zm15.63,142.3a31.71,31.71,0,0,1-28-16.81c-6.4-12.08-15.73-72.29-17.54-84.25a8.15,8.15,0,0,1,13.58-7.2c8.88,8.21,53.48,49.72,59.88,61.81a31.61,31.61,0,0,1-27.9,46.45ZM121.81,116.2c4.17,24.56,9.23,50.21,12,55.49A15.35,15.35,0,1,0,161,157.3C158.18,152,139.79,133.44,121.81,116.2Z"></path></svg>
</div>
<div class="menu-item__text">
            Dashboard
          </div>
</a>
</li>
<li class="menu-item ic-app-header__menu-list-item ic-app-header__menu-list-item--active">
<a class="ic-app-header__menu-list-link" href="/courses" id="global_nav_courses_link" role="button">
<div aria-hidden="true" class="menu-item-icon-container">
<svg class="ic-icon-svg ic-icon-svg--courses" enable-background="new 0 0 280 259" version="1.1" viewbox="0 0 280 259" x="0" xml:space="preserve" xmlns="http://www.w3.org/2000/svg" y="0"><path d="M73.31,198c-11.93,0-22.22,8-24,18.73a26.67,26.67,0,0,0-.3,3.63v.3a22,22,0,0,0,5.44,14.65,22.47,22.47,0,0,0,17.22,8H200V228.19h-134V213.08H200V198Zm21-105.74h90.64V62H94.3ZM79.19,107.34V46.92H200v60.42Zm7.55,30.21V122.45H192.49v15.11ZM71.65,16.71A22.72,22.72,0,0,0,49,39.36V190.88a41.12,41.12,0,0,1,24.32-8h157V16.71ZM33.88,39.36A37.78,37.78,0,0,1,71.65,1.6H245.36V198H215.15v45.32h22.66V258.4H71.65a37.85,37.85,0,0,1-37.76-37.76Z"></path></svg>
</div>
<div class="menu-item__text">
              Courses
            </div>
</a>
</li>
<li class="menu-item ic-app-header__menu-list-item">
<a class="ic-app-header__menu-list-link" href="/calendar" id="global_nav_calendar_link">
<div aria-hidden="true" class="menu-item-icon-container">
<svg class="ic-icon-svg ic-icon-svg--calendar" enable-background="new 0 0 280 280" version="1.1" viewbox="0 0 280 280" x="0" xml:space="preserve" xmlns="http://www.w3.org/2000/svg" y="0"><path d="M197.07,213.38h16.31V197.07H197.07Zm-16.31,16.31V180.76h48.92v48.92Zm-48.92-16.31h16.31V197.07H131.85Zm-16.31,16.31V180.76h48.92v48.92ZM66.62,213.38H82.93V197.07H66.62ZM50.32,229.68V180.76H99.24v48.92Zm146.75-81.53h16.31V131.85H197.07Zm-16.31,16.31V115.54h48.92v48.92Zm-48.92-16.31h16.31V131.85H131.85Zm-16.31,16.31V115.54h48.92v48.92ZM66.62,148.15H82.93V131.85H66.62ZM50.32,164.46V115.54H99.24v48.92ZM34,262.29H246V82.93H34ZM246,66.62V42.16A8.17,8.17,0,0,0,237.84,34H213.38v8.15a8.15,8.15,0,1,1-16.31,0V34H82.93v8.15a8.15,8.15,0,0,1-16.31,0V34H42.16A8.17,8.17,0,0,0,34,42.16V66.62Zm-8.15-48.92a24.49,24.49,0,0,1,24.46,24.46V278.6H17.71V42.16A24.49,24.49,0,0,1,42.16,17.71H66.62V9.55a8.15,8.15,0,0,1,16.31,0v8.15H197.07V9.55a8.15,8.15,0,1,1,16.31,0v8.15Z"></path></svg>
</div>
<div class="menu-item__text">
            Calendar
          </div>
</a>
</li>
<li class="menu-item ic-app-header__menu-list-item">
<a class="ic-app-header__menu-list-link" href="/conversations" id="global_nav_conversations_link">
<div class="menu-item-icon-container">
<span aria-hidden="true"><svg class="ic-icon-svg ic-icon-svg--inbox" enable-background="new 0 0 280 280" version="1.1" viewbox="0 0 280 280" x="0" xml:space="preserve" xmlns="http://www.w3.org/2000/svg" y="0"><path d="M91.72,120.75h96.56V104.65H91.72Zm0,48.28h80.47V152.94H91.72Zm0-96.56h80.47V56.37H91.72Zm160.94,34.88H228.52V10.78h-177v96.56H27.34A24.17,24.17,0,0,0,3.2,131.48V244.14a24.17,24.17,0,0,0,24.14,24.14H252.66a24.17,24.17,0,0,0,24.14-24.14V131.48A24.17,24.17,0,0,0,252.66,107.34Zm0,16.09a8.06,8.06,0,0,1,8,8v51.77l-32.19,19.31V123.44ZM67.58,203.91v-177H212.42v177ZM27.34,123.44H51.48v79.13L19.29,183.26V131.48A8.06,8.06,0,0,1,27.34,123.44ZM252.66,252.19H27.34a8.06,8.06,0,0,1-8-8V202l30,18H230.75l30-18v42.12A8.06,8.06,0,0,1,252.66,252.19Z"></path></svg>
</span>
<span class="menu-item__badge"></span>
</div>
<div class="menu-item__text">
            Inbox
          </div>
</a>
</li><li class="ic-app-header__menu-list-item"> <a class="ic-app-header__menu-list-link" href="https://success.oregonstate.edu/where-do-I-go" id="global_nav_Resources" target="_blank"><div class="menu-item-icon-container" role="presentation"><i class="icon-note-light custom_menu_list_icon"></i></div> <div class="menu-item__text custom-menu-item__text">Resources</div> </a></li>
<li class="menu-item ic-app-header__menu-list-item">
<a class="ic-app-header__menu-list-link" href="#" id="global_nav_history_link" role="button">
<div aria-hidden="true" class="menu-item-icon-container">
<svg class="ic-icon-svg menu-item__icon svg-icon-history" version="1.1" viewbox="0 0 1920 1920" xmlns="http://www.w3.org/2000/svg">
<path d="M960 112.941c-467.125 0-847.059 379.934-847.059 847.059 0 467.125 379.934 847.059 847.059 847.059 467.125 0 847.059-379.934 847.059-847.059 0-467.125-379.934-847.059-847.059-847.059M960 1920C430.645 1920 0 1489.355 0 960S430.645 0 960 0s960 430.645 960 960-430.645 960-960 960m417.905-575.955L903.552 988.28V395.34h112.941v536.47l429.177 321.77-67.765 90.465z" fill-rule="evenodd" stroke="none" stroke-width="1"></path>
</svg>
</div>
<div class="menu-item__text">
              History
            </div>
</a>
</li>
<li class="globalNavExternalTool menu-item ic-app-header__menu-list-item" id="context_external_tool_110946_menu_item">
<a class="ic-app-header__menu-list-link" href="/accounts/97009/external_tools/110946?launch_type=global_navigation">
<svg class="ic-icon-svg ic-icon-svg--lti menu-item__icon" version="1.1" viewbox="0 0 64 64" xmlns="http://www.w3.org/2000/svg" xmlns:xlink="http://www.w3.org/1999/xlink">
<path d="M9.4 32c0-7.8 6.5-14.3 14.4-14.3h11.7v-9.4h-11.8c-13.1 0-23.7 10.6-23.7 23.7s10.7 23.7 23.7 23.7h11.7v-9.4h-11.7c-7.9 0-14.3-6.5-14.3-14.3z m54.6 0l-19.1-17v11.3h-20.2c-3.1 0-5.6 2.5-5.6 5.6s2.5 5.6 5.6 5.7h20.2v11.2l19.1-16.8z"></path>
</svg>
<div class="menu-item__text">
          Commons
        </div>
</a>
</li>
<li class="globalNavExternalTool menu-item ic-app-header__menu-list-item" id="context_external_tool_234128_menu_item">
<a class="ic-app-header__menu-list-link" href="/accounts/97009/external_tools/234128?launch_type=global_navigation">
<img alt="" src="https://lmsadmin.isadm.oregonstate.edu/static/filmstrip_clear.png"/>
<div class="menu-item__text">
          My Media
        </div>
</a>
</li>
<li class="ic-app-header__menu-list-item">
<a class="ic-app-header__menu-list-link" data-track-category="help system" data-track-label="help button" href="http://help.instructure.com/" id="global_nav_help_link" role="button">
<div class="menu-item-icon-container" role="presentation">
<svg class="ic-icon-svg menu-item__icon svg-icon-help" enable-background="new 0 0 200 200" fill="currentColor" version="1.1" viewbox="0 0 200 200" x="0" xml:space="preserve" xmlns="http://www.w3.org/2000/svg" y="0"><path d="M100,127.88A11.15,11.15,0,1,0,111.16,139,11.16,11.16,0,0,0,100,127.88Zm8.82-88.08a33.19,33.19,0,0,1,23.5,23.5,33.54,33.54,0,0,1-24,41.23,3.4,3.4,0,0,0-2.74,3.15v9.06H94.42v-9.06a14.57,14.57,0,0,1,11.13-14,22.43,22.43,0,0,0,13.66-10.27,22.73,22.73,0,0,0,2.31-17.37A21.92,21.92,0,0,0,106,50.59a22.67,22.67,0,0,0-19.68,3.88,22.18,22.18,0,0,0-8.65,17.64H66.54a33.25,33.25,0,0,1,13-26.47A33.72,33.72,0,0,1,108.82,39.8ZM100,5.2A94.8,94.8,0,1,0,194.8,100,94.91,94.91,0,0,0,100,5.2m0,178.45A83.65,83.65,0,1,1,183.65,100,83.73,83.73,0,0,1,100,183.65" transform="translate(-5.2 -5.2)"></path></svg>
<span class="menu-item__badge"></span>
</div>
<div class="menu-item__text">
            Help
          </div>
</a> </li>
</ul>
</div>
<div class="ic-app-header__secondary-navigation">
<ul class="ic-app-header__menu-list">
<li class="menu-item ic-app-header__menu-list-item">
<a aria-label="Expand global navigation
                " class="ic-app-header__menu-list-link ic-app-header__menu-list-link--nav-toggle" href="#" id="primaryNavToggle" role="button" title="Expand global navigation
                ">
<div aria-hidden="true" class="menu-item-icon-container">
<svg class="ic-icon-svg ic-icon-svg--navtoggle" height="32" version="1.1" viewbox="0 0 40 32" width="40" x="0" xml:space="preserve" xmlns="http://www.w3.org/2000/svg" y="0">
<path d="M39.5,30.28V2.48H37.18v27.8Zm-4.93-13.9L22.17,4,20.53,5.61l9.61,9.61H.5v2.31H30.14l-9.61,9.61,1.64,1.64Z"></path>
</svg>
</div>
</a>
</li>
</ul>
</div>
<div id="global_nav_tray_container"></div>
<div id="global_nav_tour"></div>
</header>
<div id="instructure_ajax_error_box">
<div style="text-align: right; background-color: #fff;"><a class="close_instructure_ajax_error_box_link" href="#">Close</a></div>
<iframe id="instructure_ajax_error_result" src="about:blank" style="border: 0;" title="Error"></iframe>
</div>
<div class="ic-Layout-wrapper" id="wrapper">
<div class="ic-app-nav-toggle-and-crumbs no-print">
<button aria-label="Hide courses navigation menu" aria-live="polite" class="Button Button--link ic-app-course-nav-toggle" id="courseMenuToggle" type="button">
<i aria-hidden="true" class="icon-hamburger"></i>
</button>
<div class="ic-app-crumbs">
<nav aria-label="breadcrumbs" id="breadcrumbs" role="navigation"><ul><li class="home"><a href="/"><span class="ellipsible"><i class="icon-home" title="My dashboard">
<span class="screenreader-only">My dashboard</span>
</i>
</span></a></li><li><a href="/courses/1921502"><span class="ellipsible">CS 161 review material (ORG_6743)</span></a></li><li><a href="/courses/1921502/pages"><span class="ellipsible">Pages</span></a></li><li><span class="ellipsible">Reference sheet for some common Python error messages</span></li></ul></nav>
</div>
<div class="right-of-crumbs">
<div class="TutorialToggleHolder"></div>
<div id="immersive_reader_mount_point"><div><button class="fOyUs_bGBk fOyUs_fKyb fOyUs_cuDs fOyUs_cBHs fOyUs_eWbJ fOyUs_fmDy fOyUs_eeJl fOyUs_cBtr fOyUs_fuTR fOyUs_cnfU fQfxa_bGBk" cursor="pointer" style="margin: 0px; padding: 0px; border-radius: 0.25rem; border-width: 0px; width: auto; cursor: pointer;" tabindex="0" type="button"><span class="fQfxa_caGd fQfxa_fKcQ fQfxa_buuG fQfxa_ImeN undefined fQfxa_dqAF"><span class="fOyUs_bGBk fOyUs_desw bDzpk_bGBk bDzpk_eRIA bDzpk_fZWR bDzpk_qOas" direction="row" style="width: 100%; height: 100%;" wrap="no-wrap"><span class="fOyUs_bGBk dJCgj_bGBk" style="padding: 0px 0.5rem 0px 0px;"><span class="fQfxa_eoCh"><svg aria-hidden="true" class="dUOHu_bGBk dUOHu_drOs dUOHu_eXrk cGqzL_bGBk" focusable="false" height="1em" role="presentation" rotate="0" style="width: 1em; height: 1em;" viewbox="0 0 40 37" width="1em"><g role="presentation">
<g fill="none" fill-rule="evenodd" stroke="none" stroke-width="1">
<g fill-rule="nonzero">
<path d="M37.4,0.9 L37.4,9.6 L35.4,9.6 L35.4,2.9 L24.4,2.9 C22.9,3.3 20,4.5 20,6 L20,17.2 L18,17.2 L18,6 C18,5 15.6,3.6 13.8,2.9 L2,2.9 L2,29 L12.4,29 L12.4,31 L0,31 L0,0.9 L14.1,0.9 L14.3,1 C15,1.2 17.5,2.2 18.9,3.7 C20.5,1.9 23.5,1.1 23.9,1 L24.1,1 L37.4,1 L37.4,0.9 Z" fill="#000000"></path>
<path d="M27.4,37 L25.8,37 L18.4,29.4 L14,29.4 L14,21 L18.4,20.9 L26.1,13 L27.4,13 L27.4,37 Z M16,27.4 L19.2,27.4 L25.3,33.7 L25.3,16.6 L19.2,22.9 L15.9,22.9 L15.9,27.4 L16,27.4 Z" fill="#0197F2"></path>
<path d="M31.3,32.7 L29.6,31.7 C29.6,31.7 31.7,28.3 31.7,25.2 C31.7,21.9 29.6,18.5 29.6,18.4 L31.3,17.4 C31.4,17.6 33.7,21.3 33.7,25.2 C33.7,28.8 31.4,32.6 31.3,32.7 Z" fill="#0197F2"></path>
<path d="M36.4,36.2 L34.8,35 C34.8,35 38,30.8 38,25.2 C38,19.6 34.8,15.4 34.8,15.4 L36.4,14.2 C36.5,14.4 40,19 40,25.3 C40,31.5 36.5,36 36.4,36.2 Z" fill="#0197F2"></path>
</g>
</g>
</g></svg></span></span><span class="fOyUs_bGBk dJCgj_bGBk dJCgj_dfFp"><span class="fQfxa_biBD">Immersive Reader</span></span></span></span></button></div></div>
<div id="observer-picker-mountpoint" style="margin: 3px;"></div>
</div>
</div>
<div class="ic-Layout-columns" id="main">
<div class="ic-Layout-watermark"></div>
<div class="ic-app-course-menu ic-sticky-on list-view" id="left-side" style="display: block">
<div class="ic-sticky-frame" id="sticky-container">
<nav aria-label="Courses navigation menu" role="navigation"><ul id="section-tabs"><li class="section"><a class="home" href="/courses/1921502" tabindex="0">Home</a></li><li class="section"><a class="syllabus" href="/courses/1921502/assignments/syllabus" tabindex="0">Syllabus</a></li><li class="section"><a class="modules" href="/courses/1921502/modules" tabindex="0">Modules</a></li><li class="section"><a class="assignments" href="/courses/1921502/assignments" tabindex="0">Assignments</a></li><li class="section"><a class="context_external_tool_127439" href="/courses/1921502/external_tools/127439" tabindex="0">NameCoach</a></li></ul></nav>
</div>
</div>
<div class="ic-app-main-content" id="not_right_side">
<div class="ic-Layout-contentWrapper" id="content-wrapper">
<div class="ic-Layout-contentMain" id="content" role="main">
<div id="wiki_page_show">
<div class="show-content user_content clearfix enhanced">
<h1 class="page-title">Reference sheet for some common Python error messages<button aria-haspopup="dialog" aria-label="Alternative formats" class="ally-accessible-versions ally-add-tooltip" data-ally-content-id="page:8246237" data-ally-richcontent-eid="page:8246237" data-id="page:8246237" title="Alternative formats">
<span class="ally-prominent-af-download-button"></span>
</button></h1>
<h2><span>File Contents</span></h2>
<hr/>
<h3>General Autograder Errors</h3>
<ul>
<li><span>Traceback - incorrect file name</span></li>
<li><span>Traceback - end of file error</span></li>
<li><span>Autograder failed to execute</span></li>
</ul>
<h3><span>Output Formatting Errors</span></h3>
<ul>
<li><span>List index out of range / Output doesn’t match</span></li>
<li><span>Regex didn’t match: ‘&lt;expected value&gt;’ not found in ‘&lt;found value&gt;’</span></li>
<li><span>‘&lt;your output&gt;’ != ‘&lt;expected output&gt;’</span></li>
</ul>
<h3><span>Incorrect Value Errors</span></h3>
<ul>
<li><span>Unsupported operand type(s) for -: ‘&lt;a type&gt;’ and ‘&lt;another type&gt;’</span></li>
<li><span>&lt;an integer&gt; != &lt;another integer&gt; </span></li>
<li><span>&lt;a float&gt; != &lt;another float&gt; within 7 places</span></li>
<li><span>Lists differ: &lt;a list&gt; != &lt;another list&gt;</span></li>
</ul>
<h3><span>Execution Errors</span></h3>
<ul>
<li><span>Name ‘&lt;variable name&gt;’ is not defined</span></li>
<li><span>‘&lt;object name&gt;’ has no attribute ‘&lt;attribute name&gt;’</span></li>
</ul>
<p> </p>
<h2><span>General Autograder Errors</span></h2>
<hr/>
<h3><span>Traceback - incorrect file name</span></h3>
<p style="background-color: #d3d3d3; border: 1px solid black;"><span>Test Failed: Failed to import test module: tests<br/>Traceback (most recent call last):<br/>  File "/usr/lib/python3.6/unittest/loader.py", line 428, in _find_test_path<br/>module = self._get_module_from_name(name)<br/>  File "/usr/lib/python3.6/unittest/loader.py", line 369, in _get_module_from_name<br/>__import__(name)<br/>  File "/autograder/source/tests/tests.py", line 3, in &lt;module&gt;<br/>from example_file import example_function<br/>ModuleNotFoundError: No module named ‘example_file’</span></p>
<p><span>In this case, the student has submitted a file with the name ‘example_file..py’. Because the auto-grader system is programmed to expect files with very specific names (in this case, ‘example_file.py’, with only one dot), it raised this error message upon submission. </span></p>
<p><span>This error message might look like total gibberish at first, but it’s actually full of invaluable information for finding out what’s wrong with our code - we just have to know how to read it.</span></p>
<p><span>The first line - </span><strong>‘Test Failed: Failed to import test module: tests’</strong><span> - tells us that the program is failing to import the ‘tests’ module, which is just like what happens in Python when you import an outside library (also known as a module) into a file, but there is an error retrieving that library. This can happen for a number of reasons, so we need to keep reading.</span></p>
<p><span>The next part is what we call a </span><strong>traceback</strong><span>, which is what Python uses in an error message to direct the user to exactly where the error occurred. Everything indented is part of the traceback. Notice that it lists file paths like “/usr/lib/python3.6/unittest/loader.py” to indicate which file the error is coming from, and then even line numbers and python code from within that file to direct the user more precisely to where the error is coming from. Also note that in this situation, the error is occurring </span><i><span>inside the auto-grader system</span></i><span>, so these file names will look unfamiliar to the user, and are ultimately not very helpful in this situation. For this reason, we need to keep reading.</span></p>
<p><span>Finally, we see something useful in the last two lines of the error message: </span></p>
<ul>
<li>
<strong>“from example_file import example_function”</strong><span> - This, being the last line of the traceback, denotes exactly where in the auto-grader’s code the error occurred. It is trying to import the student’s submitted file, and in this case is looking for the example function, from the example_file.py file.</span>
</li>
<li><strong>“ModuleNotFoundError: No module named 'example_file'”<span> - The final line of the error message tells us that the autograder cannot find what it’s looking for, indicating to the user that either the wrong file was submitted, the file was named improperly, or the file is missing. </span></strong></li>
</ul>
<p><span>For more information on Tracebacks, see </span><a class="external" href="https://realpython.com/python-traceback/" rel="noreferrer noopener" target="_blank"><span><span>this</span></span><span class="external_link_icon" role="presentation" style="margin-inline-start: 5px; display: inline-block; text-indent: initial; "><svg style="width:1em; height:1em; vertical-align:middle; fill:currentColor" version="1.1" viewbox="0 0 1920 1920" xmlns="http://www.w3.org/2000/svg">
<path d="M1226.66667,267 C1314.88,267 1386.66667,338.786667 1386.66667,427 L1386.66667,427 L1386.66667,853.666667 L1280,853.666667 L1280,693.666667 L106.666667,693.666667 L106.666667,1493.66667 C106.666667,1523 130.56,1547 160,1547 L160,1547 L1226.66667,1547 C1256.10667,1547 1280,1523 1280,1493.66667 L1280,1493.66667 L1280,1280.33333 L1386.66667,1280.33333 L1386.66667,1493.66667 C1386.66667,1581.88 1314.88,1653.66667 1226.66667,1653.66667 L1226.66667,1653.66667 L160,1653.66667 C71.7866667,1653.66667 0,1581.88 0,1493.66667 L0,1493.66667 L0,427 C0,338.786667 71.7866667,267 160,267 L160,267 Z M1584.37333,709.293333 L1904.37333,1029.29333 C1925.17333,1050.09333 1925.17333,1083.90667 1904.37333,1104.70667 L1904.37333,1104.70667 L1584.37333,1424.70667 L1508.96,1349.29333 L1737.86667,1120.38667 L906.613333,1120.38667 L906.613333,1013.72 L1737.86667,1013.72 L1508.96,784.706667 L1584.37333,709.293333 Z M1226.66667,373.666667 L160,373.666667 C130.56,373.666667 106.666667,397.666667 106.666667,427 L106.666667,427 L106.666667,587 L1280,587 L1280,427 C1280,397.666667 1256.10667,373.666667 1226.66667,373.666667 L1226.66667,373.666667 Z" fill-rule="evenodd" stroke="none" stroke-width="1"></path>
</svg>
<span class="screenreader-only">Links to an external site.</span></span></a><span> article.</span></p>
<p> </p>
<h3><span>Traceback – incorrect function name<br/></span></h3>
<p style="background-color: #d3d3d3; border: 1px solid black;"><span>Test Failed: Failed to import test module: tests<br/>Traceback (most recent call last):<br/>  File "/usr/lib/python3.6/unittest/loader.py", line 428, in _find_test_path<br/>module = self._get_module_from_name(name)<br/>  File "/usr/lib/python3.6/unittest/loader.py", line 369, in _get_module_from_name<br/>__import__(name)<br/>  File "/autograder/source/tests/tests.py", line 3, in &lt;module&gt;<br/>from example_file import example_function<br/>ImportError: cannot import name ‘example_file’</span></p>
<p><span>This is a similar error where the student has submitted a file with a function named ‘examplefile’. Because the auto-grader system is programmed to expect files with very specific names (in this case, ‘example_file’, with an underscore), it raised this error message upon submission.</span></p>
<p><span>In the last two lines of the error message, we see: </span></p>
<ul>
<li>
<strong>“from example_file import example_function”</strong><span> - This, being the last line of the traceback, denotes exactly where in the auto-grader’s code the error occurred. It is trying to import the student’s submitted file, and in this case is looking for the example function, from the example_file.py file.</span>
</li>
<li><strong>“ImportError: cannot import name 'example_file'”<span> - The final line of the error message tells us that the autograder cannot find what it’s looking for, indicating to the user that either the function was named wrong, or some necessary capitalization is either present or absent. </span></strong></li>
</ul>
<p> </p>
<h3><span>Traceback – end of file error</span></h3>
<p style="background-color: #d3d3d3; border: 1px solid black;"><span>Test Failed: Failed to import test module: tests<br/>Traceback (most recent call last):<br/>  File "/usr/lib/python3.6/unittest/loader.py", line 428, in _find_test_path<br/>= self._get_module_from_name(name)<br/>  File "/usr/lib/python3.6/unittest/loader.py", line 369, in _get_module_from_name<br/>__import__(name)<br/>  File "/autograder/source/tests/tests.py", line 3, in &lt;module&gt;<br/>from example_file import example_function<br/>  File "/autograder/source/example_file.py", line 12, in &lt;module&gt;<br/>val = input()<br/>EOFError: EOF when reading a line</span></p>
<p><span>This is another example of where leaving some testing code in the file is causing issues. </span></p>
<p><span>You will notice this error provides a traceback, which is a break-down of where in the code the issue is stemming from. It tells us “most recent call last”, which means that probably the most valuable information is going to be from the last section of the traceback.</span></p>
<p><span>The last part of the traceback says:</span></p>
<p><span>File “/autograder/source/example_file.py”, line 12, in &lt;module&gt;<br/>val = input()</span></p>
<p><span>This is telling us that the issue is occurring in the file named “example_file.py”, at line 12, and then it shows what is at that line in the file, “val = input()”.</span></p>
<p><span>Indeed, line 12 of this submission is “val = input()”, and it is the cause of the error. In this case, the submission has testing code that gets user input via input() and then uses that input to call a function for testing. When the autograder gets to that input line, it is expecting the file to be finished, but instead it is instructed to read input. This creates the EOF (end of file) error that is displayed.</span></p>
<p><span>To resolve this error, the testing code should either be removed or commented out, and the file should be resubmitted.</span></p>
<p> </p>
<h3><span>Autograder failed to execute</span></h3>
<p><span>Most common in assignments 4 - 10</span></p>
<p style="background-color: #d3d3d3; border: 1px solid black;"><span>The autograder failed to execute correctly. Please ensure that your submission is valid. Contact your course staff for help in debugging this issue. Make sure to include a link to this page so that they can help you most effectively.</span></p>
<p><span>The most common reason this error occurs is because students leave testing code in their submitted files, especially function calls. Before you submit your files, always make sure to remove or comment out the code you used to test your functions.</span></p>
<p><span>For example, starting in week 4, your submissions will be in the form of functions. The files for these submissions should include the function definitions(s) and code for the logic of the functions(s), but it should not include any testing code.</span></p>
<p><span>During development, you may (and should) be testing the functions by calling them in the file. This would look something like:</span></p>
<p><span># function definition and logic<br/>def example_function(some_parameter):<br/>    new_value = some_paramter * 2<br/>    return new_value<br/><br/># testing code<br/>result = example_function(4)<br/>print(result)</span></p>
<p><span>Leaving the “testing code” section in the file will result in the autograder error above. To resolve this error, the testing code should be removed, and the file should be resubmitted. Alternatively, you can comment out the tested code and the autograder will ignore it, like this:</span></p>
<p><span># testing code<br/># result = example_function(4)<br/># print(result)</span></p>
<p> </p>
<h2><span>Output Formatting Errors</span></h2>
<hr/>
<p><span>These errors present themselves in many ways. Sometimes it is a generic message like “list index out of range”, while other times the error will provide you more information about what is going wrong with the formatting. In the latter, it will show you what your file provided vs what the autograder was expecting. These types of error messages can be more helpful in directing you to where the issue is occurring.</span></p>
<p><span>In many of the following examples, we will be using generic example values, but the concepts of how to interpret the errors can be applied to many situations and values.</span></p>
<h3><span>List index out of range / Output doesn’t match</span></h3>
<p><span>Most common in assignments 1 - 3</span></p>
<p style="background-color: #d3d3d3; border: 1px solid black;"><span>Test Failed: list index out of range</span></p>
<p style="background-color: #d3d3d3; border: 1px solid black;"><span>Test Failed: your output doesn’t quite match what I was expecting. Try checking your output against the expected string in the README file. Even spaces and newlines need to match, or I won’t get that it’s the same as the answer.</span></p>
<p><span>If you get either of the above errors from Gradescope, it usually means that there is an issue with the formatting of your code’s output. This can be from extra spaces, missing spaces, extra newlines, missing newlines, spelling errors, etc. This can also occur from misnamed files.</span></p>
<p><span>Why does it give you this error? Gradescope attempts to take the results of your program and look for an answer that matches what is in the README file. It does this by "splitting" the results so that it can compare the output string to strings that we provided for it. Even a very small difference like a space or a semicolon instead of a colon will trip the autograder up.</span></p>
<p> </p>
<h3><span>Regex didn’t match: ‘expected value’ not found in ‘found value’</span></h3>
<p style="background-color: #d3d3d3; border: 1px solid black;"><span>Test Failed: Regex didn’t match: ‘(13\\.2)’ not found in ‘ ‘</span></p>
<p><span>In this case, the autograder is expecting the solution of the program to be printed on its own line at the end of the file, but the submitted file has the solution printing on the same line as some other output message. These details need to be </span><strong>exactly</strong><span> as is shown in the README of an assignment.</span></p>
<p><span>What this error is showing is that when the test looked for that final line it found ‘ ‘ (nothing) instead of finding the solution to the assignment problem, ‘(13\\.2)’. Now, (13\\.2) may not look like the answer you are expecting, but the extra slashes in there have to do with the autograder using something called regular expressions (regex) to search the output.</span></p>
<p><span>Why does it give you this error? In these tests, Gradescope is using regular expressions to search for the correct answer. Regex is a sequence of characters that define a search pattern, and the autograder is using them to “find” the answer in the strings your program is outputting. In this case, the regex is broken up into sections based on newlines, and since the numeric part of the answer is supposed to be on its own line, it has its own regex test. However, since that line does not exist in the example solution, the regex test cannot “find” the answer, hence the error message.</span></p>
<p> </p>
<h3><span>‘&lt;your output&gt;’ != ‘&lt;expected output&gt;’</span></h3>
<p style="background-color: #d3d3d3; border: 1px solid black;"><span>Test Failed: ‘Num Dogs:  2\nNum Cats:  3\n’ != ‘Num Dogs: 2\nNum Cats: 3\n’<br/>- Num Dogs:  2<br/>? </span> <span>-<br/>+ Num Dogs: 2<br/>- Num Cats:  3<br/>?</span> <span>-<br/>+ Num Cats: 3</span></p>
<p><span>In this case, the first line of the error is showing the output of the submitted file vs the expected output of the autograder test, and it is showing that they are not equal (!=). Those two strings do look very similar (i.e. same categories and same values), but if you look closely, the number of spaces between the colons and numbers are different.</span></p>
<p><span>The rest of the error output is an attempt to show you what is specifically extra and/or missing. The first line, “- Num Dogs:  2” is saying the answer </span><i><span>should not</span></i><span> include this line (think “minus” this part). Then the next two lines, “?</span> <span>   -“ and “+ Num Dogs: 2” are saying the answer </span><i><span>should</span></i><span> include “Num Dogs: 2” (think “plus” this part). Again, these strings do look almost identical, but upon close inspection you will see again that the number of spaces is off.</span></p>
<p><span>Why does it give you this error? In the expected solution, there is a single space between the colon and the values, but in the submitted solution, there are two spaces between the colon and values. The most common reason this occurs is when students attempt to pass multiple arguments to the print() function (e.g. print(“Num Dogs: “, 2)). When using print() in this way, the output will automatically print a space between the items passed to print. Therefore, you should not include a space after the “Num Dogs:” to get the desired spacing.</span></p>
<p> </p>
<h2><span>Incorrect Value Errors</span></h2>
<hr/>
<p><span>These are going to be test failures that indicate there is something going wrong with your calculations or how they are being presented to the autograder.</span></p>
<h3><span>Unsupported operand type(s) for -: ‘&lt;a type&gt;’ and ‘&lt;another type&gt;’</span></h3>
<p style="background-color: #d3d3d3; border: 1px solid black;"><span>Test Failed: unsupported operand type(s) for -: ‘int’ and ‘NoneType’</span></p>
<p><span>This failed test is saying that there is a TypeError in the testing. TypeErrors occur when an operation or function is applied to an object of an inappropriate type (e.g. if you try to add a string and an integer together).</span></p>
<p><span>In this case, the submission is returning a print statement instead of an integer (i.e. return print(answer)).</span></p>
<p><span>But, print() is a function call that does not return a value, so calling print() as a return results in returning nothing. In Python, this is represented with ‘None’ and is where the ‘NoneType’ in the error comes from.</span></p>
<p><span>Here, the autograder is expecting the function to return an integer value and it is testing that return against the correct integer to see if they are equal. Since the print() has returned None, the function returns None, and the test ends up comparing None to an integer. These two different types cannot be compared, so this results in the TypeError.</span></p>
<p><span>To resolve this error, the function should only return the integer. It should not use print() at all.</span></p>
<p> </p>
<h3><span>&lt;an integer&gt; != &lt;another integer&gt;</span></h3>
<div style="background-color: #d3d3d3; border: 1px solid black;">
<p style="border-bottom: 1px solid black;"><span>Pass start (x, y, z); method_a 1; method_b 2</span></p>
<p><span>Test Failed: 3 != 5</span></p>
</div>
<p><span>This failed test is saying that the autograder has retrieved a value from your submission (an integer) and it does not equal the expected correct value (another integer). In the example, it is expecting to find 5 for a value, but it is finding 3 instead.</span></p>
<p><span>This indicates that there is an issue with the calculations being made somewhere in the submission. This error could be reflected in a return value of a method or function, or in a value being stored as a data member for a class. </span></p>
<p><span>These types of errors will also show what was being tested in the field above the error, beginning  with “Pass” (think, this is what is being passed to your submission for testing). This information can be very helpful in determining what is going wrong.</span></p>
<p><span>In this case, the submission being tested is a class and the test is shown as “Pass start (x, y, z); method_a 1; method_b 2”. We can break this information down and use it to track down where the error may be occurring. The first part (“start (x, y, z)”) is telling us that the class is being initialized with the values x, y, and z. Then the next part (“method_a 1”) is telling us the class method, method_a, is being called and passed a value of 1. Finally, the last part (“method_b 2”) is telling us the class method, method_b, is being called and passed a value of 2. </span></p>
<p><span>Now you know which parts of the submission were tested, and you can narrow down the areas to look for errors - the init method, method_a, and method_b. The error could be an issue with how the class is initialized, an error in calculations made in method_a or method_b, an error in how data is stored or returned in method_a or method_b, etc. </span></p>
<p><span>At this point, you can do the calculations yourself (with the values shown for this test) to see what the return values and/or data member values should be at each step and compare them to a run of your code with the same values. This should help you narrow down where the incorrect calculations have occurred.</span></p>
<p> </p>
<h3><span>&lt;a float&gt; != &lt;another float&gt; within 7 places</span></h3>
<div style="background-color: #d3d3d3; border: 1px solid black;">
<p style="border-bottom: 1px solid black;"><span>Pass [1, 2, 3, 4, 5]</span></p>
<p><span>Test Failed: 1.0 != 2.0 within 7 places</span></p>
</div>
<p><span>This failed test is saying that the autograder has retrieved a value from your submission (a float) and it does not equal the expected correct value (another float). In the example, it is expecting to find 2.0 for a value, but it is finding 1.0 instead.</span></p>
<p><span>This is very similar to the previous example, except now the error includes the phrase “within 7 places”. This is included here because this submission is dealing with floating point values, and the tests to compare those values consider answers with 7 decimals places to be correct. This has to do with the way computers handle the precision of floating-point values in memory, and the extra places are to account for minor rounding differences in different runs of the program.</span></p>
<p><span>As with the previous example, the test case is provided to you so that you can use it to help figure out what is going wrong. The test is shown as “Pass [1, 2, 3, 4, 5]”. This means the submission is being tested with the values in this list in some fashion. Now you can use those values to step through your submission and try to narrow down where the calculations are going wrong.</span></p>
<p> </p>
<h3><span>Lists differ: &lt;a list&gt; != &lt;another list&gt;</span></h3>
<div style="background-color: #d3d3d3; border: 1px solid black;">
<p style="border-bottom: 1px solid black;"><span>Pass [3, 4, 5, 6] </span></p>
<p><span>Test Failed: Lists differ: [9, 16, 25, 36] != [6, 8, 10, 12]<br/>First differing element 0:<br/>9<br/>6<br/>- [9, 16, 25, 36]<br/>+ [6, 8, 10, 12]</span></p>
</div>
<p><span>This failed test is saying that the autograder has retrieved a list from your submission and it does not equal the expected correct list. In the example, it is expecting to find [6, 8, 10, 12] for the result list, but it is finding [9, 16, 25, 36] instead.</span></p>
<p><span>The first line of the error message shows the entire found list and the entire expected list. The next part, “First differing element 0:” shows the first instance in the list that was found to be incorrect. In this case, the first difference occurs at index 0, where the test is expecting 6, but it found 9 instead. </span></p>
<p><span>The final part of the message is showing you what it found that does not belong and what it did not find that should be there. “- [9, 16, 25, 36]” is the part it found that does not belong (think “minus” this part). “+ [6, 8, 10, 12]” is the part it did not find that should be there (think “plus” this part).</span></p>
<p><span>Like in the other examples from this section, the test case is shown to you as “Pass [3, 4, 5, 6]”. This tells you that the submission is being tested with the values in this list in some fashion. Now you can use those values to step through your submission and try to narrow down where the calculations are going wrong.</span></p>
<p> </p>
<h2><span>Execution Errors</span></h2>
<hr/>
<h3><span>Name ‘&lt;variable name&gt;’ is not defined</span></h3>
<p style="background-color: #d3d3d3; border: 1px solid black;"><span>Test Failed: name ‘val’ is not defined</span></p>
<p><span>This failed test is saying that there is a variable being used in this submission (named ‘val’) that is not defined. That means there is no value assigned to ‘val’ before it is used for the first time. Since there is no value stored in ‘val’, the program does not know what to do with it and a NameError occurs.</span></p>
<p><span>To resolve an issue like this, you should make sure your variables have a value assigned to them before they are used in a calculation. </span></p>
<p> </p>
<h3><span>‘&lt;object name&gt;’ object has no attribute ‘&lt;attribute name&gt;’</span></h3>
<p style="background-color: #d3d3d3; border: 1px solid black;"><span>Test Failed: ‘Item’ object has no attribute ‘_price’</span></p>
<p><span>This failed test is saying that the autograder attempted to look up a data member  ‘_price’ in a class object ‘Item’, but that field does not exist for the class Item objects. This is either because the class used a different spelling than what the autograder was expecting, or because the class does not have a price attribute at all.</span></p>
<p><span>To resolve an issue like this, make sure the data members for your class match what is expected in the README. Sometimes your class data members will be required to have specific names.</span></p>
<p> </p>
</div>
</div>
<div id="module_navigation_target"><div style=""><div class="module-sequence-padding"></div>
<div aria-label="Module Navigation" class="module-sequence-footer" role="navigation">
<div class="module-sequence-footer-content">
<span class="module-sequence-footer-button--previous" data-html-tooltip-title="&lt;i class='icon-document'&gt;&lt;/i&gt; Gradescope Failed - What Now?" data-tooltip="right">
<a aria-describedby="msf0-previous-desc" aria-label="Previous Module Item" class="Button" href="https://canvas.oregonstate.edu/courses/1921502/modules/items/22635186" role="button">
<i class="icon-mini-arrow-left"></i>Previous
            <span class="hidden" hidden="" id="msf0-previous-desc">Previous: Gradescope Failed - What Now?</span>
</a>
</span>
<span class="module-sequence-footer-button--next" data-html-tooltip-title="&lt;i class='icon-document'&gt;&lt;/i&gt; How to debug in PyCharm?" data-tooltip="left">
<a aria-describedby="msf0-next-desc" aria-label="Next Module Item" class="Button" href="https://canvas.oregonstate.edu/courses/1921502/modules/items/22635188" role="button">
          Next<i class="icon-mini-arrow-right"></i>
<span class="hidden" hidden="" id="msf0-next-desc">Next: How to debug in PyCharm?</span>
</a>
</span>
</div>
</div>
</div></div>
</div>
</div>
<div class="ic-app-main-content__secondary" id="right-side-wrapper">
<aside id="right-side" role="complementary">
</aside>
</div>
</div>
</div>
</div>
<div style="display:none;"><!-- Everything inside of this should always stay hidden -->
<div id="page_view_id">41a39c06-538a-4c17-9633-4d4178714d1a</div>
</div>
<div aria-live="assertive" class="hide-text affix" id="aria_alerts" role="alert"></div>
<div id="StudentTray__Container"></div>
<div class="NewUserTutorialTray__Container"></div>
<script>
    Object.assign(
      ENV,
      {}
    )
  </script>
<link as="script" href="https://du11hjcvx0uqb.cloudfront.net/dist/webpack-production/inst_fs_service_worker-c-8d9c6558fc.js" rel="preload" type="text/javascript"/><script>
//<![CDATA[
(window.bundles || (window.bundles = [])).push('inst_fs_service_worker');
//]]>
</script>
<script>
//<![CDATA[

      ;["https://instructure-uploads.s3.amazonaws.com/account_10020000000097009/attachments/94162621/syl_ally_PROD.js"].forEach(function(src) {
        var s = document.createElement('script'); s.src = src; s.async = false;
        document.head.appendChild(s)
      });
//]]>
</script>
</div> <!-- #application -->
<div id="nav-tray-portal" style="position: relative; z-index: 99;"></div><div class="tinymce-a11y-checker-container"></div><div aria-live="assertive" aria-relevant="additions" class="ally-helper-hidden-accessible" role="log"></div></body></html>